2024-12-10T16:17:05,395 INFO  [main] SakilaApplication - Starting SakilaApplication using Java 20.0.2 with PID 52329 (/Users/christopher-carter/Documents/Courseware-Docs/My-Classes/Academy-Java-YearUp/2024-Q4-Fall/week-11/class/day-2/sakila-with-dbconfig/target/classes started by christopher-carter in /Users/christopher-carter/Documents/Courseware-Docs/My-Classes/Academy-Java-YearUp/2024-Q4-Fall/week-11/class/day-2/sakila-with-dbconfig)
2024-12-10T16:17:05,404 INFO  [main] SakilaApplication - No active profile set, falling back to 1 default profile: "default"
2024-12-10T16:17:05,974 INFO  [main] TomcatWebServer - Tomcat initialized with port 8080 (http)
2024-12-10T16:17:05,981 INFO  [main] Http11NioProtocol - Initializing ProtocolHandler ["http-nio-8080"]
2024-12-10T16:17:05,982 INFO  [main] StandardService - Starting service [Tomcat]
2024-12-10T16:17:05,982 INFO  [main] StandardEngine - Starting Servlet engine: [Apache Tomcat/10.1.33]
2024-12-10T16:17:06,004 INFO  [main] [/] - Initializing Spring embedded WebApplicationContext
2024-12-10T16:17:06,004 INFO  [main] ServletWebServerApplicationContext - Root WebApplicationContext: initialization completed in 550 ms
2024-12-10T16:17:06,230 INFO  [main] Http11NioProtocol - Starting ProtocolHandler ["http-nio-8080"]
2024-12-10T16:17:06,237 INFO  [main] TomcatWebServer - Tomcat started on port 8080 (http) with context path '/'
2024-12-10T16:17:06,242 INFO  [main] SakilaApplication - Started SakilaApplication in 1.051 seconds (process running for 1.767)
2024-12-10T16:17:08,825 INFO  [http-nio-8080-exec-1] [/] - Initializing Spring DispatcherServlet 'dispatcherServlet'
2024-12-10T16:17:08,825 INFO  [http-nio-8080-exec-1] DispatcherServlet - Initializing Servlet 'dispatcherServlet'
2024-12-10T16:17:08,826 INFO  [http-nio-8080-exec-1] DispatcherServlet - Completed initialization in 1 ms
2024-12-10T16:17:21,887 INFO  [SpringApplicationShutdownHook] GracefulShutdown - Commencing graceful shutdown. Waiting for active requests to complete
2024-12-10T16:17:21,890 INFO  [tomcat-shutdown] GracefulShutdown - Graceful shutdown complete
2024-12-10T16:17:24,538 INFO  [main] SakilaApplication - Starting SakilaApplication using Java 20.0.2 with PID 52425 (/Users/christopher-carter/Documents/Courseware-Docs/My-Classes/Academy-Java-YearUp/2024-Q4-Fall/week-11/class/day-2/sakila-with-dbconfig/target/classes started by christopher-carter in /Users/christopher-carter/Documents/Courseware-Docs/My-Classes/Academy-Java-YearUp/2024-Q4-Fall/week-11/class/day-2/sakila-with-dbconfig)
2024-12-10T16:17:24,542 INFO  [main] SakilaApplication - No active profile set, falling back to 1 default profile: "default"
2024-12-10T16:17:25,003 INFO  [main] TomcatWebServer - Tomcat initialized with port 8080 (http)
2024-12-10T16:17:25,009 INFO  [main] Http11NioProtocol - Initializing ProtocolHandler ["http-nio-8080"]
2024-12-10T16:17:25,010 INFO  [main] StandardService - Starting service [Tomcat]
2024-12-10T16:17:25,011 INFO  [main] StandardEngine - Starting Servlet engine: [Apache Tomcat/10.1.33]
2024-12-10T16:17:25,032 INFO  [main] [/] - Initializing Spring embedded WebApplicationContext
2024-12-10T16:17:25,032 INFO  [main] ServletWebServerApplicationContext - Root WebApplicationContext: initialization completed in 463 ms
2024-12-10T16:17:25,215 INFO  [main] Http11NioProtocol - Starting ProtocolHandler ["http-nio-8080"]
2024-12-10T16:17:25,221 INFO  [main] TomcatWebServer - Tomcat started on port 8080 (http) with context path '/'
2024-12-10T16:17:25,226 INFO  [main] SakilaApplication - Started SakilaApplication in 0.852 seconds (process running for 1.335)
2024-12-10T16:19:35,432 INFO  [http-nio-8080-exec-1] [/] - Initializing Spring DispatcherServlet 'dispatcherServlet'
2024-12-10T16:19:35,432 INFO  [http-nio-8080-exec-1] DispatcherServlet - Initializing Servlet 'dispatcherServlet'
2024-12-10T16:19:35,433 INFO  [http-nio-8080-exec-1] DispatcherServlet - Completed initialization in 1 ms
2024-12-10T16:20:53,539 INFO  [SpringApplicationShutdownHook] GracefulShutdown - Commencing graceful shutdown. Waiting for active requests to complete
2024-12-10T16:20:53,541 INFO  [tomcat-shutdown] GracefulShutdown - Graceful shutdown complete
2024-12-10T16:20:56,265 INFO  [main] SakilaApplication - Starting SakilaApplication using Java 20.0.2 with PID 53209 (/Users/christopher-carter/Documents/Courseware-Docs/My-Classes/Academy-Java-YearUp/2024-Q4-Fall/week-11/class/day-2/sakila-with-dbconfig/target/classes started by christopher-carter in /Users/christopher-carter/Documents/Courseware-Docs/My-Classes/Academy-Java-YearUp/2024-Q4-Fall/week-11/class/day-2/sakila-with-dbconfig)
2024-12-10T16:20:56,270 INFO  [main] SakilaApplication - No active profile set, falling back to 1 default profile: "default"
2024-12-10T16:20:56,825 INFO  [main] TomcatWebServer - Tomcat initialized with port 8080 (http)
2024-12-10T16:20:56,832 INFO  [main] Http11NioProtocol - Initializing ProtocolHandler ["http-nio-8080"]
2024-12-10T16:20:56,832 INFO  [main] StandardService - Starting service [Tomcat]
2024-12-10T16:20:56,833 INFO  [main] StandardEngine - Starting Servlet engine: [Apache Tomcat/10.1.33]
2024-12-10T16:20:56,856 INFO  [main] [/] - Initializing Spring embedded WebApplicationContext
2024-12-10T16:20:56,856 INFO  [main] ServletWebServerApplicationContext - Root WebApplicationContext: initialization completed in 565 ms
2024-12-10T16:20:57,034 INFO  [main] Http11NioProtocol - Starting ProtocolHandler ["http-nio-8080"]
2024-12-10T16:20:57,041 INFO  [main] TomcatWebServer - Tomcat started on port 8080 (http) with context path '/'
2024-12-10T16:20:57,046 INFO  [main] SakilaApplication - Started SakilaApplication in 0.943 seconds (process running for 1.447)
2024-12-10T16:20:59,123 INFO  [http-nio-8080-exec-1] [/] - Initializing Spring DispatcherServlet 'dispatcherServlet'
2024-12-10T16:20:59,123 INFO  [http-nio-8080-exec-1] DispatcherServlet - Initializing Servlet 'dispatcherServlet'
2024-12-10T16:20:59,124 INFO  [http-nio-8080-exec-1] DispatcherServlet - Completed initialization in 1 ms
2024-12-10T16:20:59,133 ERROR [http-nio-8080-exec-1] [dispatcherServlet] - Servlet.service() for servlet [dispatcherServlet] in context with path [] threw exception [Request processing failed: java.lang.IllegalStateException: Ambiguous handler methods mapped for '/': {public java.lang.String com.pluralsight.sakila.controller.FilmController.index(java.lang.String), public java.lang.String com.pluralsight.sakila.controller.FilmController.index()}] with root cause
java.lang.IllegalStateException: Ambiguous handler methods mapped for '/': {public java.lang.String com.pluralsight.sakila.controller.FilmController.index(java.lang.String), public java.lang.String com.pluralsight.sakila.controller.FilmController.index()}
	at org.springframework.web.servlet.handler.AbstractHandlerMethodMapping.lookupHandlerMethod(AbstractHandlerMethodMapping.java:431) ~[spring-webmvc-6.2.0.jar:6.2.0]
	at org.springframework.web.servlet.handler.AbstractHandlerMethodMapping.getHandlerInternal(AbstractHandlerMethodMapping.java:382) ~[spring-webmvc-6.2.0.jar:6.2.0]
	at org.springframework.web.servlet.mvc.method.RequestMappingInfoHandlerMapping.getHandlerInternal(RequestMappingInfoHandlerMapping.java:127) ~[spring-webmvc-6.2.0.jar:6.2.0]
	at org.springframework.web.servlet.mvc.method.RequestMappingInfoHandlerMapping.getHandlerInternal(RequestMappingInfoHandlerMapping.java:68) ~[spring-webmvc-6.2.0.jar:6.2.0]
	at org.springframework.web.servlet.handler.AbstractHandlerMapping.getHandler(AbstractHandlerMapping.java:509) ~[spring-webmvc-6.2.0.jar:6.2.0]
	at org.springframework.web.servlet.DispatcherServlet.getHandler(DispatcherServlet.java:1283) ~[spring-webmvc-6.2.0.jar:6.2.0]
	at org.springframework.web.servlet.DispatcherServlet.doDispatch(DispatcherServlet.java:1064) ~[spring-webmvc-6.2.0.jar:6.2.0]
	at org.springframework.web.servlet.DispatcherServlet.doService(DispatcherServlet.java:978) ~[spring-webmvc-6.2.0.jar:6.2.0]
	at org.springframework.web.servlet.FrameworkServlet.processRequest(FrameworkServlet.java:1014) ~[spring-webmvc-6.2.0.jar:6.2.0]
	at org.springframework.web.servlet.FrameworkServlet.doGet(FrameworkServlet.java:903) ~[spring-webmvc-6.2.0.jar:6.2.0]
	at jakarta.servlet.http.HttpServlet.service(HttpServlet.java:564) ~[tomcat-embed-core-10.1.33.jar:6.0]
	at org.springframework.web.servlet.FrameworkServlet.service(FrameworkServlet.java:885) ~[spring-webmvc-6.2.0.jar:6.2.0]
	at jakarta.servlet.http.HttpServlet.service(HttpServlet.java:658) ~[tomcat-embed-core-10.1.33.jar:6.0]
	at org.apache.catalina.core.ApplicationFilterChain.internalDoFilter(ApplicationFilterChain.java:195) ~[tomcat-embed-core-10.1.33.jar:10.1.33]
	at org.apache.catalina.core.ApplicationFilterChain.doFilter(ApplicationFilterChain.java:140) ~[tomcat-embed-core-10.1.33.jar:10.1.33]
	at org.apache.tomcat.websocket.server.WsFilter.doFilter(WsFilter.java:51) ~[tomcat-embed-websocket-10.1.33.jar:10.1.33]
	at org.apache.catalina.core.ApplicationFilterChain.internalDoFilter(ApplicationFilterChain.java:164) ~[tomcat-embed-core-10.1.33.jar:10.1.33]
	at org.apache.catalina.core.ApplicationFilterChain.doFilter(ApplicationFilterChain.java:140) ~[tomcat-embed-core-10.1.33.jar:10.1.33]
	at org.springframework.web.filter.RequestContextFilter.doFilterInternal(RequestContextFilter.java:100) ~[spring-web-6.2.0.jar:6.2.0]
	at org.springframework.web.filter.OncePerRequestFilter.doFilter(OncePerRequestFilter.java:116) ~[spring-web-6.2.0.jar:6.2.0]
	at org.apache.catalina.core.ApplicationFilterChain.internalDoFilter(ApplicationFilterChain.java:164) ~[tomcat-embed-core-10.1.33.jar:10.1.33]
	at org.apache.catalina.core.ApplicationFilterChain.doFilter(ApplicationFilterChain.java:140) ~[tomcat-embed-core-10.1.33.jar:10.1.33]
	at org.springframework.web.filter.FormContentFilter.doFilterInternal(FormContentFilter.java:93) ~[spring-web-6.2.0.jar:6.2.0]
	at org.springframework.web.filter.OncePerRequestFilter.doFilter(OncePerRequestFilter.java:116) ~[spring-web-6.2.0.jar:6.2.0]
	at org.apache.catalina.core.ApplicationFilterChain.internalDoFilter(ApplicationFilterChain.java:164) ~[tomcat-embed-core-10.1.33.jar:10.1.33]
	at org.apache.catalina.core.ApplicationFilterChain.doFilter(ApplicationFilterChain.java:140) ~[tomcat-embed-core-10.1.33.jar:10.1.33]
	at org.springframework.web.filter.CharacterEncodingFilter.doFilterInternal(CharacterEncodingFilter.java:201) ~[spring-web-6.2.0.jar:6.2.0]
	at org.springframework.web.filter.OncePerRequestFilter.doFilter(OncePerRequestFilter.java:116) ~[spring-web-6.2.0.jar:6.2.0]
	at org.apache.catalina.core.ApplicationFilterChain.internalDoFilter(ApplicationFilterChain.java:164) ~[tomcat-embed-core-10.1.33.jar:10.1.33]
	at org.apache.catalina.core.ApplicationFilterChain.doFilter(ApplicationFilterChain.java:140) ~[tomcat-embed-core-10.1.33.jar:10.1.33]
	at org.apache.catalina.core.StandardWrapperValve.invoke(StandardWrapperValve.java:167) ~[tomcat-embed-core-10.1.33.jar:10.1.33]
	at org.apache.catalina.core.StandardContextValve.invoke(StandardContextValve.java:90) ~[tomcat-embed-core-10.1.33.jar:10.1.33]
	at org.apache.catalina.authenticator.AuthenticatorBase.invoke(AuthenticatorBase.java:483) ~[tomcat-embed-core-10.1.33.jar:10.1.33]
	at org.apache.catalina.core.StandardHostValve.invoke(StandardHostValve.java:115) ~[tomcat-embed-core-10.1.33.jar:10.1.33]
	at org.apache.catalina.valves.ErrorReportValve.invoke(ErrorReportValve.java:93) ~[tomcat-embed-core-10.1.33.jar:10.1.33]
	at org.apache.catalina.core.StandardEngineValve.invoke(StandardEngineValve.java:74) ~[tomcat-embed-core-10.1.33.jar:10.1.33]
	at org.apache.catalina.connector.CoyoteAdapter.service(CoyoteAdapter.java:344) ~[tomcat-embed-core-10.1.33.jar:10.1.33]
	at org.apache.coyote.http11.Http11Processor.service(Http11Processor.java:397) ~[tomcat-embed-core-10.1.33.jar:10.1.33]
	at org.apache.coyote.AbstractProcessorLight.process(AbstractProcessorLight.java:63) ~[tomcat-embed-core-10.1.33.jar:10.1.33]
	at org.apache.coyote.AbstractProtocol$ConnectionHandler.process(AbstractProtocol.java:905) ~[tomcat-embed-core-10.1.33.jar:10.1.33]
	at org.apache.tomcat.util.net.NioEndpoint$SocketProcessor.doRun(NioEndpoint.java:1741) ~[tomcat-embed-core-10.1.33.jar:10.1.33]
	at org.apache.tomcat.util.net.SocketProcessorBase.run(SocketProcessorBase.java:52) ~[tomcat-embed-core-10.1.33.jar:10.1.33]
	at org.apache.tomcat.util.threads.ThreadPoolExecutor.runWorker(ThreadPoolExecutor.java:1190) ~[tomcat-embed-core-10.1.33.jar:10.1.33]
	at org.apache.tomcat.util.threads.ThreadPoolExecutor$Worker.run(ThreadPoolExecutor.java:659) ~[tomcat-embed-core-10.1.33.jar:10.1.33]
	at org.apache.tomcat.util.threads.TaskThread$WrappingRunnable.run(TaskThread.java:63) ~[tomcat-embed-core-10.1.33.jar:10.1.33]
	at java.base/java.lang.Thread.run(Thread.java:1623) [?:?]
2024-12-10T16:21:10,049 ERROR [http-nio-8080-exec-2] [dispatcherServlet] - Servlet.service() for servlet [dispatcherServlet] in context with path [] threw exception [Request processing failed: java.lang.IllegalStateException: Ambiguous handler methods mapped for '/': {public java.lang.String com.pluralsight.sakila.controller.FilmController.index(java.lang.String), public java.lang.String com.pluralsight.sakila.controller.FilmController.index()}] with root cause
java.lang.IllegalStateException: Ambiguous handler methods mapped for '/': {public java.lang.String com.pluralsight.sakila.controller.FilmController.index(java.lang.String), public java.lang.String com.pluralsight.sakila.controller.FilmController.index()}
	at org.springframework.web.servlet.handler.AbstractHandlerMethodMapping.lookupHandlerMethod(AbstractHandlerMethodMapping.java:431) ~[spring-webmvc-6.2.0.jar:6.2.0]
	at org.springframework.web.servlet.handler.AbstractHandlerMethodMapping.getHandlerInternal(AbstractHandlerMethodMapping.java:382) ~[spring-webmvc-6.2.0.jar:6.2.0]
	at org.springframework.web.servlet.mvc.method.RequestMappingInfoHandlerMapping.getHandlerInternal(RequestMappingInfoHandlerMapping.java:127) ~[spring-webmvc-6.2.0.jar:6.2.0]
	at org.springframework.web.servlet.mvc.method.RequestMappingInfoHandlerMapping.getHandlerInternal(RequestMappingInfoHandlerMapping.java:68) ~[spring-webmvc-6.2.0.jar:6.2.0]
	at org.springframework.web.servlet.handler.AbstractHandlerMapping.getHandler(AbstractHandlerMapping.java:509) ~[spring-webmvc-6.2.0.jar:6.2.0]
	at org.springframework.web.servlet.DispatcherServlet.getHandler(DispatcherServlet.java:1283) ~[spring-webmvc-6.2.0.jar:6.2.0]
	at org.springframework.web.servlet.DispatcherServlet.doDispatch(DispatcherServlet.java:1064) ~[spring-webmvc-6.2.0.jar:6.2.0]
	at org.springframework.web.servlet.DispatcherServlet.doService(DispatcherServlet.java:978) ~[spring-webmvc-6.2.0.jar:6.2.0]
	at org.springframework.web.servlet.FrameworkServlet.processRequest(FrameworkServlet.java:1014) ~[spring-webmvc-6.2.0.jar:6.2.0]
	at org.springframework.web.servlet.FrameworkServlet.doGet(FrameworkServlet.java:903) ~[spring-webmvc-6.2.0.jar:6.2.0]
	at jakarta.servlet.http.HttpServlet.service(HttpServlet.java:564) ~[tomcat-embed-core-10.1.33.jar:6.0]
	at org.springframework.web.servlet.FrameworkServlet.service(FrameworkServlet.java:885) ~[spring-webmvc-6.2.0.jar:6.2.0]
	at jakarta.servlet.http.HttpServlet.service(HttpServlet.java:658) ~[tomcat-embed-core-10.1.33.jar:6.0]
	at org.apache.catalina.core.ApplicationFilterChain.internalDoFilter(ApplicationFilterChain.java:195) ~[tomcat-embed-core-10.1.33.jar:10.1.33]
	at org.apache.catalina.core.ApplicationFilterChain.doFilter(ApplicationFilterChain.java:140) ~[tomcat-embed-core-10.1.33.jar:10.1.33]
	at org.apache.tomcat.websocket.server.WsFilter.doFilter(WsFilter.java:51) ~[tomcat-embed-websocket-10.1.33.jar:10.1.33]
	at org.apache.catalina.core.ApplicationFilterChain.internalDoFilter(ApplicationFilterChain.java:164) ~[tomcat-embed-core-10.1.33.jar:10.1.33]
	at org.apache.catalina.core.ApplicationFilterChain.doFilter(ApplicationFilterChain.java:140) ~[tomcat-embed-core-10.1.33.jar:10.1.33]
	at org.springframework.web.filter.RequestContextFilter.doFilterInternal(RequestContextFilter.java:100) ~[spring-web-6.2.0.jar:6.2.0]
	at org.springframework.web.filter.OncePerRequestFilter.doFilter(OncePerRequestFilter.java:116) ~[spring-web-6.2.0.jar:6.2.0]
	at org.apache.catalina.core.ApplicationFilterChain.internalDoFilter(ApplicationFilterChain.java:164) ~[tomcat-embed-core-10.1.33.jar:10.1.33]
	at org.apache.catalina.core.ApplicationFilterChain.doFilter(ApplicationFilterChain.java:140) ~[tomcat-embed-core-10.1.33.jar:10.1.33]
	at org.springframework.web.filter.FormContentFilter.doFilterInternal(FormContentFilter.java:93) ~[spring-web-6.2.0.jar:6.2.0]
	at org.springframework.web.filter.OncePerRequestFilter.doFilter(OncePerRequestFilter.java:116) ~[spring-web-6.2.0.jar:6.2.0]
	at org.apache.catalina.core.ApplicationFilterChain.internalDoFilter(ApplicationFilterChain.java:164) ~[tomcat-embed-core-10.1.33.jar:10.1.33]
	at org.apache.catalina.core.ApplicationFilterChain.doFilter(ApplicationFilterChain.java:140) ~[tomcat-embed-core-10.1.33.jar:10.1.33]
	at org.springframework.web.filter.CharacterEncodingFilter.doFilterInternal(CharacterEncodingFilter.java:201) ~[spring-web-6.2.0.jar:6.2.0]
	at org.springframework.web.filter.OncePerRequestFilter.doFilter(OncePerRequestFilter.java:116) ~[spring-web-6.2.0.jar:6.2.0]
	at org.apache.catalina.core.ApplicationFilterChain.internalDoFilter(ApplicationFilterChain.java:164) ~[tomcat-embed-core-10.1.33.jar:10.1.33]
	at org.apache.catalina.core.ApplicationFilterChain.doFilter(ApplicationFilterChain.java:140) ~[tomcat-embed-core-10.1.33.jar:10.1.33]
	at org.apache.catalina.core.StandardWrapperValve.invoke(StandardWrapperValve.java:167) ~[tomcat-embed-core-10.1.33.jar:10.1.33]
	at org.apache.catalina.core.StandardContextValve.invoke(StandardContextValve.java:90) ~[tomcat-embed-core-10.1.33.jar:10.1.33]
	at org.apache.catalina.authenticator.AuthenticatorBase.invoke(AuthenticatorBase.java:483) ~[tomcat-embed-core-10.1.33.jar:10.1.33]
	at org.apache.catalina.core.StandardHostValve.invoke(StandardHostValve.java:115) ~[tomcat-embed-core-10.1.33.jar:10.1.33]
	at org.apache.catalina.valves.ErrorReportValve.invoke(ErrorReportValve.java:93) ~[tomcat-embed-core-10.1.33.jar:10.1.33]
	at org.apache.catalina.core.StandardEngineValve.invoke(StandardEngineValve.java:74) ~[tomcat-embed-core-10.1.33.jar:10.1.33]
	at org.apache.catalina.connector.CoyoteAdapter.service(CoyoteAdapter.java:344) ~[tomcat-embed-core-10.1.33.jar:10.1.33]
	at org.apache.coyote.http11.Http11Processor.service(Http11Processor.java:397) ~[tomcat-embed-core-10.1.33.jar:10.1.33]
	at org.apache.coyote.AbstractProcessorLight.process(AbstractProcessorLight.java:63) ~[tomcat-embed-core-10.1.33.jar:10.1.33]
	at org.apache.coyote.AbstractProtocol$ConnectionHandler.process(AbstractProtocol.java:905) ~[tomcat-embed-core-10.1.33.jar:10.1.33]
	at org.apache.tomcat.util.net.NioEndpoint$SocketProcessor.doRun(NioEndpoint.java:1741) ~[tomcat-embed-core-10.1.33.jar:10.1.33]
	at org.apache.tomcat.util.net.SocketProcessorBase.run(SocketProcessorBase.java:52) ~[tomcat-embed-core-10.1.33.jar:10.1.33]
	at org.apache.tomcat.util.threads.ThreadPoolExecutor.runWorker(ThreadPoolExecutor.java:1190) ~[tomcat-embed-core-10.1.33.jar:10.1.33]
	at org.apache.tomcat.util.threads.ThreadPoolExecutor$Worker.run(ThreadPoolExecutor.java:659) ~[tomcat-embed-core-10.1.33.jar:10.1.33]
	at org.apache.tomcat.util.threads.TaskThread$WrappingRunnable.run(TaskThread.java:63) ~[tomcat-embed-core-10.1.33.jar:10.1.33]
	at java.base/java.lang.Thread.run(Thread.java:1623) [?:?]
2024-12-10T16:21:35,804 INFO  [SpringApplicationShutdownHook] GracefulShutdown - Commencing graceful shutdown. Waiting for active requests to complete
2024-12-10T16:21:35,807 INFO  [tomcat-shutdown] GracefulShutdown - Graceful shutdown complete
2024-12-10T16:21:39,198 INFO  [main] SakilaApplication - Starting SakilaApplication using Java 20.0.2 with PID 53362 (/Users/christopher-carter/Documents/Courseware-Docs/My-Classes/Academy-Java-YearUp/2024-Q4-Fall/week-11/class/day-2/sakila-with-dbconfig/target/classes started by christopher-carter in /Users/christopher-carter/Documents/Courseware-Docs/My-Classes/Academy-Java-YearUp/2024-Q4-Fall/week-11/class/day-2/sakila-with-dbconfig)
2024-12-10T16:21:39,202 INFO  [main] SakilaApplication - No active profile set, falling back to 1 default profile: "default"
2024-12-10T16:21:39,736 INFO  [main] TomcatWebServer - Tomcat initialized with port 8080 (http)
2024-12-10T16:21:39,746 INFO  [main] Http11NioProtocol - Initializing ProtocolHandler ["http-nio-8080"]
2024-12-10T16:21:39,747 INFO  [main] StandardService - Starting service [Tomcat]
2024-12-10T16:21:39,748 INFO  [main] StandardEngine - Starting Servlet engine: [Apache Tomcat/10.1.33]
2024-12-10T16:21:39,771 INFO  [main] [/] - Initializing Spring embedded WebApplicationContext
2024-12-10T16:21:39,772 INFO  [main] ServletWebServerApplicationContext - Root WebApplicationContext: initialization completed in 536 ms
2024-12-10T16:21:39,866 WARN  [main] AnnotationConfigServletWebServerApplicationContext - Exception encountered during context initialization - cancelling refresh attempt: org.springframework.beans.factory.BeanCreationException: Error creating bean with name 'requestMappingHandlerMapping' defined in class path resource [org/springframework/boot/autoconfigure/web/servlet/WebMvcAutoConfiguration$EnableWebMvcConfiguration.class]: Ambiguous mapping. Cannot map 'filmController' method 
com.pluralsight.sakila.controller.FilmController#index()
to {GET [/ || ]}: There is already 'filmController' bean method
com.pluralsight.sakila.controller.FilmController#index(String) mapped.
2024-12-10T16:21:39,867 INFO  [main] StandardService - Stopping service [Tomcat]
2024-12-10T16:21:39,873 INFO  [main] ConditionEvaluationReportLogger - 

Error starting ApplicationContext. To display the condition evaluation report re-run your application with 'debug' enabled.
2024-12-10T16:21:39,881 ERROR [main] SpringApplication - Application run failed
org.springframework.beans.factory.BeanCreationException: Error creating bean with name 'requestMappingHandlerMapping' defined in class path resource [org/springframework/boot/autoconfigure/web/servlet/WebMvcAutoConfiguration$EnableWebMvcConfiguration.class]: Ambiguous mapping. Cannot map 'filmController' method 
com.pluralsight.sakila.controller.FilmController#index()
to {GET [/ || ]}: There is already 'filmController' bean method
com.pluralsight.sakila.controller.FilmController#index(String) mapped.
	at org.springframework.beans.factory.support.AbstractAutowireCapableBeanFactory.initializeBean(AbstractAutowireCapableBeanFactory.java:1802) ~[spring-beans-6.2.0.jar:6.2.0]
	at org.springframework.beans.factory.support.AbstractAutowireCapableBeanFactory.doCreateBean(AbstractAutowireCapableBeanFactory.java:601) ~[spring-beans-6.2.0.jar:6.2.0]
	at org.springframework.beans.factory.support.AbstractAutowireCapableBeanFactory.createBean(AbstractAutowireCapableBeanFactory.java:523) ~[spring-beans-6.2.0.jar:6.2.0]
	at org.springframework.beans.factory.support.AbstractBeanFactory.lambda$doGetBean$0(AbstractBeanFactory.java:336) ~[spring-beans-6.2.0.jar:6.2.0]
	at org.springframework.beans.factory.support.DefaultSingletonBeanRegistry.getSingleton(DefaultSingletonBeanRegistry.java:288) ~[spring-beans-6.2.0.jar:6.2.0]
	at org.springframework.beans.factory.support.AbstractBeanFactory.doGetBean(AbstractBeanFactory.java:334) ~[spring-beans-6.2.0.jar:6.2.0]
	at org.springframework.beans.factory.support.AbstractBeanFactory.getBean(AbstractBeanFactory.java:199) ~[spring-beans-6.2.0.jar:6.2.0]
	at org.springframework.beans.factory.support.DefaultListableBeanFactory.instantiateSingleton(DefaultListableBeanFactory.java:1122) ~[spring-beans-6.2.0.jar:6.2.0]
	at org.springframework.beans.factory.support.DefaultListableBeanFactory.preInstantiateSingleton(DefaultListableBeanFactory.java:1093) ~[spring-beans-6.2.0.jar:6.2.0]
	at org.springframework.beans.factory.support.DefaultListableBeanFactory.preInstantiateSingletons(DefaultListableBeanFactory.java:1030) ~[spring-beans-6.2.0.jar:6.2.0]
	at org.springframework.context.support.AbstractApplicationContext.finishBeanFactoryInitialization(AbstractApplicationContext.java:987) ~[spring-context-6.2.0.jar:6.2.0]
	at org.springframework.context.support.AbstractApplicationContext.refresh(AbstractApplicationContext.java:627) ~[spring-context-6.2.0.jar:6.2.0]
	at org.springframework.boot.web.servlet.context.ServletWebServerApplicationContext.refresh(ServletWebServerApplicationContext.java:146) ~[spring-boot-3.4.0.jar:3.4.0]
	at org.springframework.boot.SpringApplication.refresh(SpringApplication.java:752) [spring-boot-3.4.0.jar:3.4.0]
	at org.springframework.boot.SpringApplication.refreshContext(SpringApplication.java:439) [spring-boot-3.4.0.jar:3.4.0]
	at org.springframework.boot.SpringApplication.run(SpringApplication.java:318) [spring-boot-3.4.0.jar:3.4.0]
	at org.springframework.boot.SpringApplication.run(SpringApplication.java:1361) [spring-boot-3.4.0.jar:3.4.0]
	at org.springframework.boot.SpringApplication.run(SpringApplication.java:1350) [spring-boot-3.4.0.jar:3.4.0]
	at com.pluralsight.sakila.SakilaApplication.main(SakilaApplication.java:10) [classes/:?]
Caused by: java.lang.IllegalStateException: Ambiguous mapping. Cannot map 'filmController' method 
com.pluralsight.sakila.controller.FilmController#index()
to {GET [/ || ]}: There is already 'filmController' bean method
com.pluralsight.sakila.controller.FilmController#index(String) mapped.
	at org.springframework.web.servlet.handler.AbstractHandlerMethodMapping$MappingRegistry.validateMethodMapping(AbstractHandlerMethodMapping.java:675) ~[spring-webmvc-6.2.0.jar:6.2.0]
	at org.springframework.web.servlet.handler.AbstractHandlerMethodMapping$MappingRegistry.register(AbstractHandlerMethodMapping.java:637) ~[spring-webmvc-6.2.0.jar:6.2.0]
	at org.springframework.web.servlet.handler.AbstractHandlerMethodMapping.registerHandlerMethod(AbstractHandlerMethodMapping.java:331) ~[spring-webmvc-6.2.0.jar:6.2.0]
	at org.springframework.web.servlet.mvc.method.annotation.RequestMappingHandlerMapping.registerHandlerMethod(RequestMappingHandlerMapping.java:509) ~[spring-webmvc-6.2.0.jar:6.2.0]
	at org.springframework.web.servlet.mvc.method.annotation.RequestMappingHandlerMapping.registerHandlerMethod(RequestMappingHandlerMapping.java:84) ~[spring-webmvc-6.2.0.jar:6.2.0]
	at org.springframework.web.servlet.handler.AbstractHandlerMethodMapping.lambda$detectHandlerMethods$2(AbstractHandlerMethodMapping.java:298) ~[spring-webmvc-6.2.0.jar:6.2.0]
	at java.base/java.util.LinkedHashMap.forEach(LinkedHashMap.java:729) ~[?:?]
	at org.springframework.web.servlet.handler.AbstractHandlerMethodMapping.detectHandlerMethods(AbstractHandlerMethodMapping.java:296) ~[spring-webmvc-6.2.0.jar:6.2.0]
	at org.springframework.web.servlet.handler.AbstractHandlerMethodMapping.processCandidateBean(AbstractHandlerMethodMapping.java:265) ~[spring-webmvc-6.2.0.jar:6.2.0]
	at org.springframework.web.servlet.handler.AbstractHandlerMethodMapping.initHandlerMethods(AbstractHandlerMethodMapping.java:224) ~[spring-webmvc-6.2.0.jar:6.2.0]
	at org.springframework.web.servlet.handler.AbstractHandlerMethodMapping.afterPropertiesSet(AbstractHandlerMethodMapping.java:212) ~[spring-webmvc-6.2.0.jar:6.2.0]
	at org.springframework.web.servlet.mvc.method.annotation.RequestMappingHandlerMapping.afterPropertiesSet(RequestMappingHandlerMapping.java:239) ~[spring-webmvc-6.2.0.jar:6.2.0]
	at org.springframework.beans.factory.support.AbstractAutowireCapableBeanFactory.invokeInitMethods(AbstractAutowireCapableBeanFactory.java:1849) ~[spring-beans-6.2.0.jar:6.2.0]
	at org.springframework.beans.factory.support.AbstractAutowireCapableBeanFactory.initializeBean(AbstractAutowireCapableBeanFactory.java:1798) ~[spring-beans-6.2.0.jar:6.2.0]
	... 18 more
2024-12-10T16:21:47,741 INFO  [main] SakilaApplication - Starting SakilaApplication using Java 20.0.2 with PID 53401 (/Users/christopher-carter/Documents/Courseware-Docs/My-Classes/Academy-Java-YearUp/2024-Q4-Fall/week-11/class/day-2/sakila-with-dbconfig/target/classes started by christopher-carter in /Users/christopher-carter/Documents/Courseware-Docs/My-Classes/Academy-Java-YearUp/2024-Q4-Fall/week-11/class/day-2/sakila-with-dbconfig)
2024-12-10T16:21:47,746 INFO  [main] SakilaApplication - No active profile set, falling back to 1 default profile: "default"
2024-12-10T16:21:48,193 INFO  [main] TomcatWebServer - Tomcat initialized with port 8080 (http)
2024-12-10T16:21:48,200 INFO  [main] Http11NioProtocol - Initializing ProtocolHandler ["http-nio-8080"]
2024-12-10T16:21:48,201 INFO  [main] StandardService - Starting service [Tomcat]
2024-12-10T16:21:48,201 INFO  [main] StandardEngine - Starting Servlet engine: [Apache Tomcat/10.1.33]
2024-12-10T16:21:48,221 INFO  [main] [/] - Initializing Spring embedded WebApplicationContext
2024-12-10T16:21:48,222 INFO  [main] ServletWebServerApplicationContext - Root WebApplicationContext: initialization completed in 454 ms
2024-12-10T16:21:48,419 INFO  [main] Http11NioProtocol - Starting ProtocolHandler ["http-nio-8080"]
2024-12-10T16:21:48,426 INFO  [main] TomcatWebServer - Tomcat started on port 8080 (http) with context path '/'
2024-12-10T16:21:48,431 INFO  [main] SakilaApplication - Started SakilaApplication in 0.856 seconds (process running for 1.346)
2024-12-10T16:21:50,714 INFO  [http-nio-8080-exec-1] [/] - Initializing Spring DispatcherServlet 'dispatcherServlet'
2024-12-10T16:21:50,714 INFO  [http-nio-8080-exec-1] DispatcherServlet - Initializing Servlet 'dispatcherServlet'
2024-12-10T16:21:50,715 INFO  [http-nio-8080-exec-1] DispatcherServlet - Completed initialization in 1 ms
2024-12-10T16:29:22,829 INFO  [SpringApplicationShutdownHook] GracefulShutdown - Commencing graceful shutdown. Waiting for active requests to complete
2024-12-10T16:29:22,833 INFO  [tomcat-shutdown] GracefulShutdown - Graceful shutdown complete
2024-12-10T16:29:24,834 INFO  [main] SakilaApplication - Starting SakilaApplication using Java 20.0.2 with PID 54870 (/Users/christopher-carter/Documents/Courseware-Docs/My-Classes/Academy-Java-YearUp/2024-Q4-Fall/week-11/class/day-2/sakila-with-dbconfig/target/classes started by christopher-carter in /Users/christopher-carter/Documents/Courseware-Docs/My-Classes/Academy-Java-YearUp/2024-Q4-Fall/week-11/class/day-2/sakila-with-dbconfig)
2024-12-10T16:29:24,840 INFO  [main] SakilaApplication - No active profile set, falling back to 1 default profile: "default"
2024-12-10T16:29:25,375 INFO  [main] TomcatWebServer - Tomcat initialized with port 8080 (http)
2024-12-10T16:29:25,382 INFO  [main] Http11NioProtocol - Initializing ProtocolHandler ["http-nio-8080"]
2024-12-10T16:29:25,383 INFO  [main] StandardService - Starting service [Tomcat]
2024-12-10T16:29:25,383 INFO  [main] StandardEngine - Starting Servlet engine: [Apache Tomcat/10.1.33]
2024-12-10T16:29:25,404 INFO  [main] [/] - Initializing Spring embedded WebApplicationContext
2024-12-10T16:29:25,404 INFO  [main] ServletWebServerApplicationContext - Root WebApplicationContext: initialization completed in 539 ms
2024-12-10T16:29:25,588 INFO  [main] Http11NioProtocol - Starting ProtocolHandler ["http-nio-8080"]
2024-12-10T16:29:25,594 INFO  [main] TomcatWebServer - Tomcat started on port 8080 (http) with context path '/'
2024-12-10T16:29:25,599 INFO  [main] SakilaApplication - Started SakilaApplication in 0.919 seconds (process running for 1.354)
2024-12-10T16:30:33,551 INFO  [http-nio-8080-exec-1] [/] - Initializing Spring DispatcherServlet 'dispatcherServlet'
2024-12-10T16:30:33,551 INFO  [http-nio-8080-exec-1] DispatcherServlet - Initializing Servlet 'dispatcherServlet'
2024-12-10T16:30:33,552 INFO  [http-nio-8080-exec-1] DispatcherServlet - Completed initialization in 1 ms
2024-12-10T16:30:33,576 WARN  [http-nio-8080-exec-1] DefaultHandlerExceptionResolver - Resolved [org.springframework.web.method.annotation.MethodArgumentTypeMismatchException: Method parameter 'name': Failed to convert value of type 'java.lang.String' to required type 'int'; For input string: "anything"]
2024-12-10T16:30:38,510 INFO  [SpringApplicationShutdownHook] GracefulShutdown - Commencing graceful shutdown. Waiting for active requests to complete
2024-12-10T16:30:38,513 INFO  [tomcat-shutdown] GracefulShutdown - Graceful shutdown complete
2024-12-10T16:30:39,931 INFO  [main] SakilaApplication - Starting SakilaApplication using Java 20.0.2 with PID 55125 (/Users/christopher-carter/Documents/Courseware-Docs/My-Classes/Academy-Java-YearUp/2024-Q4-Fall/week-11/class/day-2/sakila-with-dbconfig/target/classes started by christopher-carter in /Users/christopher-carter/Documents/Courseware-Docs/My-Classes/Academy-Java-YearUp/2024-Q4-Fall/week-11/class/day-2/sakila-with-dbconfig)
2024-12-10T16:30:39,935 INFO  [main] SakilaApplication - No active profile set, falling back to 1 default profile: "default"
2024-12-10T16:30:40,387 INFO  [main] TomcatWebServer - Tomcat initialized with port 8080 (http)
2024-12-10T16:30:40,394 INFO  [main] Http11NioProtocol - Initializing ProtocolHandler ["http-nio-8080"]
2024-12-10T16:30:40,394 INFO  [main] StandardService - Starting service [Tomcat]
2024-12-10T16:30:40,394 INFO  [main] StandardEngine - Starting Servlet engine: [Apache Tomcat/10.1.33]
2024-12-10T16:30:40,415 INFO  [main] [/] - Initializing Spring embedded WebApplicationContext
2024-12-10T16:30:40,415 INFO  [main] ServletWebServerApplicationContext - Root WebApplicationContext: initialization completed in 446 ms
2024-12-10T16:30:40,592 INFO  [main] Http11NioProtocol - Starting ProtocolHandler ["http-nio-8080"]
2024-12-10T16:30:40,597 INFO  [main] TomcatWebServer - Tomcat started on port 8080 (http) with context path '/'
2024-12-10T16:30:40,602 INFO  [main] SakilaApplication - Started SakilaApplication in 0.83 seconds (process running for 1.321)
2024-12-10T16:30:43,545 INFO  [http-nio-8080-exec-1] [/] - Initializing Spring DispatcherServlet 'dispatcherServlet'
2024-12-10T16:30:43,545 INFO  [http-nio-8080-exec-1] DispatcherServlet - Initializing Servlet 'dispatcherServlet'
2024-12-10T16:30:43,545 INFO  [http-nio-8080-exec-1] DispatcherServlet - Completed initialization in 0 ms
2024-12-10T16:30:43,567 WARN  [http-nio-8080-exec-1] DefaultHandlerExceptionResolver - Resolved [org.springframework.web.method.annotation.MethodArgumentTypeMismatchException: Method parameter 'name': Failed to convert value of type 'java.lang.String' to required type 'int'; For input string: "anything"]
2024-12-10T16:30:49,974 INFO  [SpringApplicationShutdownHook] GracefulShutdown - Commencing graceful shutdown. Waiting for active requests to complete
2024-12-10T16:30:49,977 INFO  [tomcat-shutdown] GracefulShutdown - Graceful shutdown complete
2024-12-10T16:30:51,879 INFO  [main] SakilaApplication - Starting SakilaApplication using Java 20.0.2 with PID 55167 (/Users/christopher-carter/Documents/Courseware-Docs/My-Classes/Academy-Java-YearUp/2024-Q4-Fall/week-11/class/day-2/sakila-with-dbconfig/target/classes started by christopher-carter in /Users/christopher-carter/Documents/Courseware-Docs/My-Classes/Academy-Java-YearUp/2024-Q4-Fall/week-11/class/day-2/sakila-with-dbconfig)
2024-12-10T16:30:51,885 INFO  [main] SakilaApplication - No active profile set, falling back to 1 default profile: "default"
2024-12-10T16:30:52,347 INFO  [main] TomcatWebServer - Tomcat initialized with port 8080 (http)
2024-12-10T16:30:52,354 INFO  [main] Http11NioProtocol - Initializing ProtocolHandler ["http-nio-8080"]
2024-12-10T16:30:52,355 INFO  [main] StandardService - Starting service [Tomcat]
2024-12-10T16:30:52,355 INFO  [main] StandardEngine - Starting Servlet engine: [Apache Tomcat/10.1.33]
2024-12-10T16:30:52,387 INFO  [main] [/] - Initializing Spring embedded WebApplicationContext
2024-12-10T16:30:52,387 INFO  [main] ServletWebServerApplicationContext - Root WebApplicationContext: initialization completed in 451 ms
2024-12-10T16:30:52,608 INFO  [main] Http11NioProtocol - Starting ProtocolHandler ["http-nio-8080"]
2024-12-10T16:30:52,616 INFO  [main] TomcatWebServer - Tomcat started on port 8080 (http) with context path '/'
2024-12-10T16:30:52,623 INFO  [main] SakilaApplication - Started SakilaApplication in 0.94 seconds (process running for 1.384)
2024-12-10T16:30:54,972 INFO  [http-nio-8080-exec-1] [/] - Initializing Spring DispatcherServlet 'dispatcherServlet'
2024-12-10T16:30:54,972 INFO  [http-nio-8080-exec-1] DispatcherServlet - Initializing Servlet 'dispatcherServlet'
2024-12-10T16:30:54,973 INFO  [http-nio-8080-exec-1] DispatcherServlet - Completed initialization in 0 ms
2024-12-10T16:30:54,994 WARN  [http-nio-8080-exec-1] DefaultHandlerExceptionResolver - Resolved [org.springframework.web.method.annotation.MethodArgumentTypeMismatchException: Method parameter 'name': Failed to convert value of type 'java.lang.String' to required type 'int'; For input string: "anything"]
2024-12-10T16:30:57,301 WARN  [http-nio-8080-exec-2] DefaultHandlerExceptionResolver - Resolved [org.springframework.web.method.annotation.MethodArgumentTypeMismatchException: Method parameter 'name': Failed to convert value of type 'java.lang.String' to required type 'int'; For input string: "anything"]
2024-12-10T16:31:12,643 INFO  [SpringApplicationShutdownHook] GracefulShutdown - Commencing graceful shutdown. Waiting for active requests to complete
2024-12-10T16:31:12,645 INFO  [tomcat-shutdown] GracefulShutdown - Graceful shutdown complete
2024-12-10T16:31:51,792 INFO  [main] SakilaApplication - Starting SakilaApplication using Java 20.0.2 with PID 55364 (/Users/christopher-carter/Documents/Courseware-Docs/My-Classes/Academy-Java-YearUp/2024-Q4-Fall/week-11/class/day-2/sakila-with-dbconfig/target/classes started by christopher-carter in /Users/christopher-carter/Documents/Courseware-Docs/My-Classes/Academy-Java-YearUp/2024-Q4-Fall/week-11/class/day-2/sakila-with-dbconfig)
2024-12-10T16:31:51,796 INFO  [main] SakilaApplication - No active profile set, falling back to 1 default profile: "default"
2024-12-10T16:31:52,391 INFO  [main] TomcatWebServer - Tomcat initialized with port 8080 (http)
2024-12-10T16:31:52,399 INFO  [main] Http11NioProtocol - Initializing ProtocolHandler ["http-nio-8080"]
2024-12-10T16:31:52,400 INFO  [main] StandardService - Starting service [Tomcat]
2024-12-10T16:31:52,400 INFO  [main] StandardEngine - Starting Servlet engine: [Apache Tomcat/10.1.33]
2024-12-10T16:31:52,421 INFO  [main] [/] - Initializing Spring embedded WebApplicationContext
2024-12-10T16:31:52,421 INFO  [main] ServletWebServerApplicationContext - Root WebApplicationContext: initialization completed in 587 ms
2024-12-10T16:31:52,602 INFO  [main] Http11NioProtocol - Starting ProtocolHandler ["http-nio-8080"]
2024-12-10T16:31:52,608 INFO  [main] TomcatWebServer - Tomcat started on port 8080 (http) with context path '/'
2024-12-10T16:31:52,613 INFO  [main] SakilaApplication - Started SakilaApplication in 0.983 seconds (process running for 1.473)
2024-12-10T16:31:54,805 INFO  [http-nio-8080-exec-1] [/] - Initializing Spring DispatcherServlet 'dispatcherServlet'
2024-12-10T16:31:54,805 INFO  [http-nio-8080-exec-1] DispatcherServlet - Initializing Servlet 'dispatcherServlet'
2024-12-10T16:31:54,805 INFO  [http-nio-8080-exec-1] DispatcherServlet - Completed initialization in 0 ms
2024-12-10T16:32:05,112 INFO  [SpringApplicationShutdownHook] GracefulShutdown - Commencing graceful shutdown. Waiting for active requests to complete
2024-12-10T16:32:05,115 INFO  [tomcat-shutdown] GracefulShutdown - Graceful shutdown complete
2024-12-11T11:24:23,835 INFO  [main] SakilaApplication - Starting SakilaApplication using Java 20.0.2 with PID 27185 (/Users/christopher-carter/Documents/Courseware-Docs/My-Classes/Academy-Java-YearUp/2024-Q4-Fall/week-11/class/day-3/sakila-with-controller/target/classes started by christopher-carter in /Users/christopher-carter/Documents/Courseware-Docs/My-Classes/Academy-Java-YearUp/2024-Q4-Fall/week-11/class/day-3/sakila-with-controller)
2024-12-11T11:24:23,841 INFO  [main] SakilaApplication - No active profile set, falling back to 1 default profile: "default"
2024-12-11T11:24:24,358 INFO  [main] TomcatWebServer - Tomcat initialized with port 8080 (http)
2024-12-11T11:24:24,368 INFO  [main] Http11NioProtocol - Initializing ProtocolHandler ["http-nio-8080"]
2024-12-11T11:24:24,370 INFO  [main] StandardService - Starting service [Tomcat]
2024-12-11T11:24:24,370 INFO  [main] StandardEngine - Starting Servlet engine: [Apache Tomcat/10.1.33]
2024-12-11T11:24:24,402 INFO  [main] [/] - Initializing Spring embedded WebApplicationContext
2024-12-11T11:24:24,403 INFO  [main] ServletWebServerApplicationContext - Root WebApplicationContext: initialization completed in 525 ms
2024-12-11T11:24:24,662 INFO  [main] Http11NioProtocol - Starting ProtocolHandler ["http-nio-8080"]
2024-12-11T11:24:24,672 INFO  [main] TomcatWebServer - Tomcat started on port 8080 (http) with context path '/'
2024-12-11T11:24:24,677 INFO  [main] SakilaApplication - Started SakilaApplication in 1.084 seconds (process running for 1.932)
2024-12-11T11:24:59,755 INFO  [http-nio-8080-exec-1] [/] - Initializing Spring DispatcherServlet 'dispatcherServlet'
2024-12-11T11:24:59,755 INFO  [http-nio-8080-exec-1] DispatcherServlet - Initializing Servlet 'dispatcherServlet'
2024-12-11T11:24:59,757 INFO  [http-nio-8080-exec-1] DispatcherServlet - Completed initialization in 1 ms
2024-12-11T11:25:35,260 INFO  [SpringApplicationShutdownHook] GracefulShutdown - Commencing graceful shutdown. Waiting for active requests to complete
2024-12-11T11:25:35,263 INFO  [tomcat-shutdown] GracefulShutdown - Graceful shutdown complete
2024-12-11T11:26:58,580 INFO  [main] SakilaApplication - Starting SakilaApplication using Java 20.0.2 with PID 27694 (/Users/christopher-carter/Documents/Courseware-Docs/My-Classes/Academy-Java-YearUp/2024-Q4-Fall/week-11/class/day-3/sakila-with-controller/target/classes started by christopher-carter in /Users/christopher-carter/Documents/Courseware-Docs/My-Classes/Academy-Java-YearUp/2024-Q4-Fall/week-11/class/day-3/sakila-with-controller)
2024-12-11T11:26:58,585 INFO  [main] SakilaApplication - No active profile set, falling back to 1 default profile: "default"
2024-12-11T11:26:59,099 INFO  [main] TomcatWebServer - Tomcat initialized with port 8080 (http)
2024-12-11T11:26:59,107 INFO  [main] Http11NioProtocol - Initializing ProtocolHandler ["http-nio-8080"]
2024-12-11T11:26:59,108 INFO  [main] StandardService - Starting service [Tomcat]
2024-12-11T11:26:59,109 INFO  [main] StandardEngine - Starting Servlet engine: [Apache Tomcat/10.1.33]
2024-12-11T11:26:59,140 INFO  [main] [/] - Initializing Spring embedded WebApplicationContext
2024-12-11T11:26:59,141 INFO  [main] ServletWebServerApplicationContext - Root WebApplicationContext: initialization completed in 535 ms
2024-12-11T11:26:59,378 INFO  [main] Http11NioProtocol - Starting ProtocolHandler ["http-nio-8080"]
2024-12-11T11:26:59,392 INFO  [main] TomcatWebServer - Tomcat started on port 8080 (http) with context path '/'
2024-12-11T11:26:59,397 INFO  [main] SakilaApplication - Started SakilaApplication in 1.01 seconds (process running for 1.645)
2024-12-11T11:31:05,373 INFO  [SpringApplicationShutdownHook] GracefulShutdown - Commencing graceful shutdown. Waiting for active requests to complete
2024-12-11T11:31:05,383 INFO  [tomcat-shutdown] GracefulShutdown - Graceful shutdown complete
2024-12-11T11:31:07,803 INFO  [main] SakilaApplication - Starting SakilaApplication using Java 20.0.2 with PID 28465 (/Users/christopher-carter/Documents/Courseware-Docs/My-Classes/Academy-Java-YearUp/2024-Q4-Fall/week-11/class/day-3/sakila-with-controller/target/classes started by christopher-carter in /Users/christopher-carter/Documents/Courseware-Docs/My-Classes/Academy-Java-YearUp/2024-Q4-Fall/week-11/class/day-3/sakila-with-controller)
2024-12-11T11:31:07,810 INFO  [main] SakilaApplication - No active profile set, falling back to 1 default profile: "default"
2024-12-11T11:31:08,397 INFO  [main] TomcatWebServer - Tomcat initialized with port 8080 (http)
2024-12-11T11:31:08,404 INFO  [main] Http11NioProtocol - Initializing ProtocolHandler ["http-nio-8080"]
2024-12-11T11:31:08,405 INFO  [main] StandardService - Starting service [Tomcat]
2024-12-11T11:31:08,405 INFO  [main] StandardEngine - Starting Servlet engine: [Apache Tomcat/10.1.33]
2024-12-11T11:31:08,427 INFO  [main] [/] - Initializing Spring embedded WebApplicationContext
2024-12-11T11:31:08,427 INFO  [main] ServletWebServerApplicationContext - Root WebApplicationContext: initialization completed in 587 ms
2024-12-11T11:31:08,636 INFO  [main] Http11NioProtocol - Starting ProtocolHandler ["http-nio-8080"]
2024-12-11T11:31:08,650 INFO  [main] TomcatWebServer - Tomcat started on port 8080 (http) with context path '/'
2024-12-11T11:31:08,655 INFO  [main] SakilaApplication - Started SakilaApplication in 1.051 seconds (process running for 1.667)
2024-12-11T11:31:37,367 INFO  [http-nio-8080-exec-1] [/] - Initializing Spring DispatcherServlet 'dispatcherServlet'
2024-12-11T11:31:37,367 INFO  [http-nio-8080-exec-1] DispatcherServlet - Initializing Servlet 'dispatcherServlet'
2024-12-11T11:31:37,368 INFO  [http-nio-8080-exec-1] DispatcherServlet - Completed initialization in 1 ms
2024-12-11T11:35:48,924 INFO  [SpringApplicationShutdownHook] GracefulShutdown - Commencing graceful shutdown. Waiting for active requests to complete
2024-12-11T11:35:48,928 INFO  [tomcat-shutdown] GracefulShutdown - Graceful shutdown complete
2024-12-11T11:35:51,227 INFO  [main] SakilaApplication - Starting SakilaApplication using Java 20.0.2 with PID 29349 (/Users/christopher-carter/Documents/Courseware-Docs/My-Classes/Academy-Java-YearUp/2024-Q4-Fall/week-11/class/day-3/sakila-with-controller/target/classes started by christopher-carter in /Users/christopher-carter/Documents/Courseware-Docs/My-Classes/Academy-Java-YearUp/2024-Q4-Fall/week-11/class/day-3/sakila-with-controller)
2024-12-11T11:35:51,233 INFO  [main] SakilaApplication - No active profile set, falling back to 1 default profile: "default"
2024-12-11T11:35:51,822 INFO  [main] TomcatWebServer - Tomcat initialized with port 8080 (http)
2024-12-11T11:35:51,830 INFO  [main] Http11NioProtocol - Initializing ProtocolHandler ["http-nio-8080"]
2024-12-11T11:35:51,831 INFO  [main] StandardService - Starting service [Tomcat]
2024-12-11T11:35:51,831 INFO  [main] StandardEngine - Starting Servlet engine: [Apache Tomcat/10.1.33]
2024-12-11T11:35:51,857 INFO  [main] [/] - Initializing Spring embedded WebApplicationContext
2024-12-11T11:35:51,857 INFO  [main] ServletWebServerApplicationContext - Root WebApplicationContext: initialization completed in 594 ms
2024-12-11T11:35:52,082 INFO  [main] Http11NioProtocol - Starting ProtocolHandler ["http-nio-8080"]
2024-12-11T11:35:52,088 INFO  [main] TomcatWebServer - Tomcat started on port 8080 (http) with context path '/'
2024-12-11T11:35:52,093 INFO  [main] SakilaApplication - Started SakilaApplication in 1.054 seconds (process running for 1.648)
2024-12-11T11:36:01,288 INFO  [http-nio-8080-exec-2] [/] - Initializing Spring DispatcherServlet 'dispatcherServlet'
2024-12-11T11:36:01,288 INFO  [http-nio-8080-exec-2] DispatcherServlet - Initializing Servlet 'dispatcherServlet'
2024-12-11T11:36:01,289 INFO  [http-nio-8080-exec-2] DispatcherServlet - Completed initialization in 1 ms
2024-12-11T11:36:28,620 INFO  [SpringApplicationShutdownHook] GracefulShutdown - Commencing graceful shutdown. Waiting for active requests to complete
2024-12-11T11:36:28,624 INFO  [tomcat-shutdown] GracefulShutdown - Graceful shutdown complete
2024-12-11T11:36:31,201 INFO  [main] SakilaApplication - Starting SakilaApplication using Java 20.0.2 with PID 29479 (/Users/christopher-carter/Documents/Courseware-Docs/My-Classes/Academy-Java-YearUp/2024-Q4-Fall/week-11/class/day-3/sakila-with-controller/target/classes started by christopher-carter in /Users/christopher-carter/Documents/Courseware-Docs/My-Classes/Academy-Java-YearUp/2024-Q4-Fall/week-11/class/day-3/sakila-with-controller)
2024-12-11T11:36:31,206 INFO  [main] SakilaApplication - No active profile set, falling back to 1 default profile: "default"
2024-12-11T11:36:31,735 INFO  [main] TomcatWebServer - Tomcat initialized with port 8080 (http)
2024-12-11T11:36:31,743 INFO  [main] Http11NioProtocol - Initializing ProtocolHandler ["http-nio-8080"]
2024-12-11T11:36:31,744 INFO  [main] StandardService - Starting service [Tomcat]
2024-12-11T11:36:31,744 INFO  [main] StandardEngine - Starting Servlet engine: [Apache Tomcat/10.1.33]
2024-12-11T11:36:31,772 INFO  [main] [/] - Initializing Spring embedded WebApplicationContext
2024-12-11T11:36:31,773 INFO  [main] ServletWebServerApplicationContext - Root WebApplicationContext: initialization completed in 540 ms
2024-12-11T11:36:32,003 INFO  [main] Http11NioProtocol - Starting ProtocolHandler ["http-nio-8080"]
2024-12-11T11:36:32,010 INFO  [main] TomcatWebServer - Tomcat started on port 8080 (http) with context path '/'
2024-12-11T11:36:32,015 INFO  [main] SakilaApplication - Started SakilaApplication in 1.016 seconds (process running for 1.746)
2024-12-11T11:36:32,787 INFO  [http-nio-8080-exec-1] [/] - Initializing Spring DispatcherServlet 'dispatcherServlet'
2024-12-11T11:36:32,787 INFO  [http-nio-8080-exec-1] DispatcherServlet - Initializing Servlet 'dispatcherServlet'
2024-12-11T11:36:32,787 INFO  [http-nio-8080-exec-1] DispatcherServlet - Completed initialization in 0 ms
2024-12-11T11:41:48,420 INFO  [SpringApplicationShutdownHook] GracefulShutdown - Commencing graceful shutdown. Waiting for active requests to complete
2024-12-11T11:41:48,425 INFO  [tomcat-shutdown] GracefulShutdown - Graceful shutdown complete
2024-12-11T11:41:51,338 INFO  [main] SakilaApplication - Starting SakilaApplication using Java 20.0.2 with PID 30515 (/Users/christopher-carter/Documents/Courseware-Docs/My-Classes/Academy-Java-YearUp/2024-Q4-Fall/week-11/class/day-3/sakila-with-controller/target/classes started by christopher-carter in /Users/christopher-carter/Documents/Courseware-Docs/My-Classes/Academy-Java-YearUp/2024-Q4-Fall/week-11/class/day-3/sakila-with-controller)
2024-12-11T11:41:51,343 INFO  [main] SakilaApplication - No active profile set, falling back to 1 default profile: "default"
2024-12-11T11:41:51,871 INFO  [main] TomcatWebServer - Tomcat initialized with port 8080 (http)
2024-12-11T11:41:51,879 INFO  [main] Http11NioProtocol - Initializing ProtocolHandler ["http-nio-8080"]
2024-12-11T11:41:51,879 INFO  [main] StandardService - Starting service [Tomcat]
2024-12-11T11:41:51,880 INFO  [main] StandardEngine - Starting Servlet engine: [Apache Tomcat/10.1.33]
2024-12-11T11:41:51,902 INFO  [main] [/] - Initializing Spring embedded WebApplicationContext
2024-12-11T11:41:51,902 INFO  [main] ServletWebServerApplicationContext - Root WebApplicationContext: initialization completed in 529 ms
2024-12-11T11:41:52,120 INFO  [main] Http11NioProtocol - Starting ProtocolHandler ["http-nio-8080"]
2024-12-11T11:41:52,128 INFO  [main] TomcatWebServer - Tomcat started on port 8080 (http) with context path '/'
2024-12-11T11:41:52,133 INFO  [main] SakilaApplication - Started SakilaApplication in 0.995 seconds (process running for 1.561)
2024-12-11T11:41:57,394 INFO  [http-nio-8080-exec-1] [/] - Initializing Spring DispatcherServlet 'dispatcherServlet'
2024-12-11T11:41:57,395 INFO  [http-nio-8080-exec-1] DispatcherServlet - Initializing Servlet 'dispatcherServlet'
2024-12-11T11:41:57,395 INFO  [http-nio-8080-exec-1] DispatcherServlet - Completed initialization in 0 ms
2024-12-11T11:41:57,406 WARN  [http-nio-8080-exec-1] DefaultHandlerExceptionResolver - Resolved [org.springframework.web.HttpRequestMethodNotSupportedException: Request method 'GET' is not supported]
2024-12-11T11:43:01,266 INFO  [SpringApplicationShutdownHook] GracefulShutdown - Commencing graceful shutdown. Waiting for active requests to complete
2024-12-11T11:43:01,272 INFO  [tomcat-shutdown] GracefulShutdown - Graceful shutdown complete
2024-12-11T11:43:03,826 INFO  [main] SakilaApplication - Starting SakilaApplication using Java 20.0.2 with PID 30754 (/Users/christopher-carter/Documents/Courseware-Docs/My-Classes/Academy-Java-YearUp/2024-Q4-Fall/week-11/class/day-3/sakila-with-controller/target/classes started by christopher-carter in /Users/christopher-carter/Documents/Courseware-Docs/My-Classes/Academy-Java-YearUp/2024-Q4-Fall/week-11/class/day-3/sakila-with-controller)
2024-12-11T11:43:03,832 INFO  [main] SakilaApplication - No active profile set, falling back to 1 default profile: "default"
2024-12-11T11:43:04,467 INFO  [main] TomcatWebServer - Tomcat initialized with port 8080 (http)
2024-12-11T11:43:04,474 INFO  [main] Http11NioProtocol - Initializing ProtocolHandler ["http-nio-8080"]
2024-12-11T11:43:04,475 INFO  [main] StandardService - Starting service [Tomcat]
2024-12-11T11:43:04,475 INFO  [main] StandardEngine - Starting Servlet engine: [Apache Tomcat/10.1.33]
2024-12-11T11:43:04,497 INFO  [main] [/] - Initializing Spring embedded WebApplicationContext
2024-12-11T11:43:04,497 INFO  [main] ServletWebServerApplicationContext - Root WebApplicationContext: initialization completed in 640 ms
2024-12-11T11:43:04,721 INFO  [main] Http11NioProtocol - Starting ProtocolHandler ["http-nio-8080"]
2024-12-11T11:43:04,728 INFO  [main] TomcatWebServer - Tomcat started on port 8080 (http) with context path '/'
2024-12-11T11:43:04,732 INFO  [main] SakilaApplication - Started SakilaApplication in 1.222 seconds (process running for 1.795)
2024-12-11T11:43:11,633 INFO  [http-nio-8080-exec-1] [/] - Initializing Spring DispatcherServlet 'dispatcherServlet'
2024-12-11T11:43:11,633 INFO  [http-nio-8080-exec-1] DispatcherServlet - Initializing Servlet 'dispatcherServlet'
2024-12-11T11:43:11,633 INFO  [http-nio-8080-exec-1] DispatcherServlet - Completed initialization in 0 ms
2024-12-11T11:51:16,279 INFO  [SpringApplicationShutdownHook] GracefulShutdown - Commencing graceful shutdown. Waiting for active requests to complete
2024-12-11T11:51:16,284 INFO  [tomcat-shutdown] GracefulShutdown - Graceful shutdown complete
2024-12-11T14:57:51,490 INFO  [main] SakilaApplication - Starting SakilaApplication using Java 20.0.2 with PID 70414 (/Users/christopher-carter/Documents/Courseware-Docs/My-Classes/Academy-Java-YearUp/2024-Q4-Fall/week-11/class/day-3/sakila-with-controller/target/classes started by christopher-carter in /Users/christopher-carter/Documents/Courseware-Docs/My-Classes/Academy-Java-YearUp/2024-Q4-Fall/week-11/class/day-3/sakila-with-controller)
2024-12-11T14:57:51,508 INFO  [main] SakilaApplication - No active profile set, falling back to 1 default profile: "default"
2024-12-11T14:57:52,113 INFO  [main] TomcatWebServer - Tomcat initialized with port 8080 (http)
2024-12-11T14:57:52,122 INFO  [main] Http11NioProtocol - Initializing ProtocolHandler ["http-nio-8080"]
2024-12-11T14:57:52,124 INFO  [main] StandardService - Starting service [Tomcat]
2024-12-11T14:57:52,124 INFO  [main] StandardEngine - Starting Servlet engine: [Apache Tomcat/10.1.33]
2024-12-11T14:57:52,147 INFO  [main] [/] - Initializing Spring embedded WebApplicationContext
2024-12-11T14:57:52,147 INFO  [main] ServletWebServerApplicationContext - Root WebApplicationContext: initialization completed in 615 ms
2024-12-11T14:57:52,514 INFO  [main] Http11NioProtocol - Starting ProtocolHandler ["http-nio-8080"]
2024-12-11T14:57:52,521 INFO  [main] TomcatWebServer - Tomcat started on port 8080 (http) with context path '/'
2024-12-11T14:57:52,526 INFO  [main] SakilaApplication - Started SakilaApplication in 1.261 seconds (process running for 1.918)
2024-12-11T14:58:29,724 INFO  [http-nio-8080-exec-2] [/] - Initializing Spring DispatcherServlet 'dispatcherServlet'
2024-12-11T14:58:29,725 INFO  [http-nio-8080-exec-2] DispatcherServlet - Initializing Servlet 'dispatcherServlet'
2024-12-11T14:58:29,726 INFO  [http-nio-8080-exec-2] DispatcherServlet - Completed initialization in 1 ms
2024-12-11T14:59:32,986 INFO  [SpringApplicationShutdownHook] GracefulShutdown - Commencing graceful shutdown. Waiting for active requests to complete
2024-12-11T14:59:32,990 INFO  [tomcat-shutdown] GracefulShutdown - Graceful shutdown complete
2024-12-11T15:00:05,831 INFO  [main] SakilaApplication - Starting SakilaApplication using Java 20.0.2 with PID 70920 (/Users/christopher-carter/Documents/Courseware-Docs/My-Classes/Academy-Java-YearUp/2024-Q4-Fall/week-11/class/day-3/sakila-with-controller/target/classes started by christopher-carter in /Users/christopher-carter/Documents/Courseware-Docs/My-Classes/Academy-Java-YearUp/2024-Q4-Fall/week-11/class/day-3/sakila-with-controller)
2024-12-11T15:00:05,837 INFO  [main] SakilaApplication - No active profile set, falling back to 1 default profile: "default"
2024-12-11T15:00:06,392 INFO  [main] TomcatWebServer - Tomcat initialized with port 8080 (http)
2024-12-11T15:00:06,399 INFO  [main] Http11NioProtocol - Initializing ProtocolHandler ["http-nio-8080"]
2024-12-11T15:00:06,401 INFO  [main] StandardService - Starting service [Tomcat]
2024-12-11T15:00:06,401 INFO  [main] StandardEngine - Starting Servlet engine: [Apache Tomcat/10.1.33]
2024-12-11T15:00:06,424 INFO  [main] [/] - Initializing Spring embedded WebApplicationContext
2024-12-11T15:00:06,424 INFO  [main] ServletWebServerApplicationContext - Root WebApplicationContext: initialization completed in 556 ms
2024-12-11T15:00:06,624 INFO  [main] Http11NioProtocol - Starting ProtocolHandler ["http-nio-8080"]
2024-12-11T15:00:06,651 INFO  [main] TomcatWebServer - Tomcat started on port 8080 (http) with context path '/'
2024-12-11T15:00:06,658 INFO  [main] SakilaApplication - Started SakilaApplication in 1.024 seconds (process running for 1.643)
2024-12-11T15:00:42,860 INFO  [http-nio-8080-exec-1] [/] - Initializing Spring DispatcherServlet 'dispatcherServlet'
2024-12-11T15:00:42,863 INFO  [http-nio-8080-exec-1] DispatcherServlet - Initializing Servlet 'dispatcherServlet'
2024-12-11T15:00:42,869 INFO  [http-nio-8080-exec-1] DispatcherServlet - Completed initialization in 6 ms
2024-12-11T15:08:56,226 INFO  [SpringApplicationShutdownHook] GracefulShutdown - Commencing graceful shutdown. Waiting for active requests to complete
2024-12-11T15:08:56,232 INFO  [tomcat-shutdown] GracefulShutdown - Graceful shutdown complete
2024-12-11T15:14:21,834 INFO  [main] SakilaApplication - Starting SakilaApplication using Java 20.0.2 with PID 74229 (/Users/christopher-carter/Documents/Courseware-Docs/My-Classes/Academy-Java-YearUp/2024-Q4-Fall/week-11/class/day-3/sakila-with-controller/target/classes started by christopher-carter in /Users/christopher-carter/Documents/Courseware-Docs/My-Classes/Academy-Java-YearUp/2024-Q4-Fall/week-11/class/day-3/sakila-with-controller)
2024-12-11T15:14:21,839 INFO  [main] SakilaApplication - No active profile set, falling back to 1 default profile: "default"
2024-12-11T15:14:22,455 INFO  [main] TomcatWebServer - Tomcat initialized with port 8080 (http)
2024-12-11T15:14:22,463 INFO  [main] Http11NioProtocol - Initializing ProtocolHandler ["http-nio-8080"]
2024-12-11T15:14:22,464 INFO  [main] StandardService - Starting service [Tomcat]
2024-12-11T15:14:22,464 INFO  [main] StandardEngine - Starting Servlet engine: [Apache Tomcat/10.1.33]
2024-12-11T15:14:22,494 INFO  [main] [/] - Initializing Spring embedded WebApplicationContext
2024-12-11T15:14:22,495 INFO  [main] ServletWebServerApplicationContext - Root WebApplicationContext: initialization completed in 619 ms
2024-12-11T15:14:22,727 INFO  [main] Http11NioProtocol - Starting ProtocolHandler ["http-nio-8080"]
2024-12-11T15:14:22,741 INFO  [main] TomcatWebServer - Tomcat started on port 8080 (http) with context path '/'
2024-12-11T15:14:22,748 INFO  [main] SakilaApplication - Started SakilaApplication in 1.188 seconds (process running for 2.089)
2024-12-11T15:15:38,846 INFO  [SpringApplicationShutdownHook] GracefulShutdown - Commencing graceful shutdown. Waiting for active requests to complete
2024-12-11T15:15:38,851 INFO  [tomcat-shutdown] GracefulShutdown - Graceful shutdown complete
2024-12-11T15:15:41,293 INFO  [main] SakilaApplication - Starting SakilaApplication using Java 20.0.2 with PID 74517 (/Users/christopher-carter/Documents/Courseware-Docs/My-Classes/Academy-Java-YearUp/2024-Q4-Fall/week-11/class/day-3/sakila-with-controller/target/classes started by christopher-carter in /Users/christopher-carter/Documents/Courseware-Docs/My-Classes/Academy-Java-YearUp/2024-Q4-Fall/week-11/class/day-3/sakila-with-controller)
2024-12-11T15:15:41,301 INFO  [main] SakilaApplication - No active profile set, falling back to 1 default profile: "default"
2024-12-11T15:15:41,816 INFO  [main] TomcatWebServer - Tomcat initialized with port 8080 (http)
2024-12-11T15:15:41,823 INFO  [main] Http11NioProtocol - Initializing ProtocolHandler ["http-nio-8080"]
2024-12-11T15:15:41,824 INFO  [main] StandardService - Starting service [Tomcat]
2024-12-11T15:15:41,824 INFO  [main] StandardEngine - Starting Servlet engine: [Apache Tomcat/10.1.33]
2024-12-11T15:15:41,846 INFO  [main] [/] - Initializing Spring embedded WebApplicationContext
2024-12-11T15:15:41,846 INFO  [main] ServletWebServerApplicationContext - Root WebApplicationContext: initialization completed in 514 ms
2024-12-11T15:15:42,037 INFO  [main] Http11NioProtocol - Starting ProtocolHandler ["http-nio-8080"]
2024-12-11T15:15:42,045 INFO  [main] TomcatWebServer - Tomcat started on port 8080 (http) with context path '/'
2024-12-11T15:15:42,062 INFO  [main] SakilaApplication - Started SakilaApplication in 0.956 seconds (process running for 1.555)
2024-12-11T15:17:47,513 INFO  [SpringApplicationShutdownHook] GracefulShutdown - Commencing graceful shutdown. Waiting for active requests to complete
2024-12-11T15:17:47,519 INFO  [tomcat-shutdown] GracefulShutdown - Graceful shutdown complete
2024-12-11T15:21:20,983 INFO  [main] SakilaApplication - Starting SakilaApplication using Java 20.0.2 with PID 75617 (/Users/christopher-carter/Documents/Courseware-Docs/My-Classes/Academy-Java-YearUp/2024-Q4-Fall/week-11/class/day-3/sakila-with-controller/target/classes started by christopher-carter in /Users/christopher-carter/Documents/Courseware-Docs/My-Classes/Academy-Java-YearUp/2024-Q4-Fall/week-11/class/day-3/sakila-with-controller)
2024-12-11T15:21:20,989 INFO  [main] SakilaApplication - No active profile set, falling back to 1 default profile: "default"
2024-12-11T15:21:21,512 INFO  [main] TomcatWebServer - Tomcat initialized with port 8080 (http)
2024-12-11T15:21:21,520 INFO  [main] Http11NioProtocol - Initializing ProtocolHandler ["http-nio-8080"]
2024-12-11T15:21:21,522 INFO  [main] StandardService - Starting service [Tomcat]
2024-12-11T15:21:21,522 INFO  [main] StandardEngine - Starting Servlet engine: [Apache Tomcat/10.1.33]
2024-12-11T15:21:21,546 INFO  [main] [/] - Initializing Spring embedded WebApplicationContext
2024-12-11T15:21:21,547 INFO  [main] ServletWebServerApplicationContext - Root WebApplicationContext: initialization completed in 529 ms
2024-12-11T15:21:21,749 INFO  [main] Http11NioProtocol - Starting ProtocolHandler ["http-nio-8080"]
2024-12-11T15:21:21,756 INFO  [main] TomcatWebServer - Tomcat started on port 8080 (http) with context path '/'
2024-12-11T15:21:21,761 INFO  [main] SakilaApplication - Started SakilaApplication in 0.98 seconds (process running for 1.572)
2024-12-11T15:21:28,802 INFO  [http-nio-8080-exec-1] [/] - Initializing Spring DispatcherServlet 'dispatcherServlet'
2024-12-11T15:21:28,802 INFO  [http-nio-8080-exec-1] DispatcherServlet - Initializing Servlet 'dispatcherServlet'
2024-12-11T15:21:28,804 INFO  [http-nio-8080-exec-1] DispatcherServlet - Completed initialization in 2 ms
2024-12-11T15:21:28,892 WARN  [http-nio-8080-exec-1] DefaultHandlerExceptionResolver - Resolved [org.springframework.http.converter.HttpMessageNotReadableException: JSON parse error: Unexpected character ('"' (code 34)): was expecting comma to separate Object entries]
2024-12-11T15:21:40,136 WARN  [http-nio-8080-exec-4] DefaultHandlerExceptionResolver - Resolved [org.springframework.http.converter.HttpMessageNotReadableException: JSON parse error: Cannot deserialize value of type `com.pluralsight.sakila.model.Film` from Array value (token `JsonToken.START_ARRAY`)]
2024-12-11T15:22:41,267 INFO  [SpringApplicationShutdownHook] GracefulShutdown - Commencing graceful shutdown. Waiting for active requests to complete
2024-12-11T15:22:41,271 INFO  [tomcat-shutdown] GracefulShutdown - Graceful shutdown complete
2024-12-11T15:22:44,132 INFO  [main] SakilaApplication - Starting SakilaApplication using Java 20.0.2 with PID 75890 (/Users/christopher-carter/Documents/Courseware-Docs/My-Classes/Academy-Java-YearUp/2024-Q4-Fall/week-11/class/day-3/sakila-with-controller/target/classes started by christopher-carter in /Users/christopher-carter/Documents/Courseware-Docs/My-Classes/Academy-Java-YearUp/2024-Q4-Fall/week-11/class/day-3/sakila-with-controller)
2024-12-11T15:22:44,137 INFO  [main] SakilaApplication - No active profile set, falling back to 1 default profile: "default"
2024-12-11T15:22:44,817 INFO  [main] TomcatWebServer - Tomcat initialized with port 8080 (http)
2024-12-11T15:22:44,824 INFO  [main] Http11NioProtocol - Initializing ProtocolHandler ["http-nio-8080"]
2024-12-11T15:22:44,825 INFO  [main] StandardService - Starting service [Tomcat]
2024-12-11T15:22:44,825 INFO  [main] StandardEngine - Starting Servlet engine: [Apache Tomcat/10.1.33]
2024-12-11T15:22:44,847 INFO  [main] [/] - Initializing Spring embedded WebApplicationContext
2024-12-11T15:22:44,847 INFO  [main] ServletWebServerApplicationContext - Root WebApplicationContext: initialization completed in 665 ms
2024-12-11T15:22:45,131 INFO  [main] Http11NioProtocol - Starting ProtocolHandler ["http-nio-8080"]
2024-12-11T15:22:45,138 INFO  [main] TomcatWebServer - Tomcat started on port 8080 (http) with context path '/'
2024-12-11T15:22:45,144 INFO  [main] SakilaApplication - Started SakilaApplication in 1.235 seconds (process running for 1.877)
2024-12-11T15:22:56,282 INFO  [http-nio-8080-exec-1] [/] - Initializing Spring DispatcherServlet 'dispatcherServlet'
2024-12-11T15:22:56,283 INFO  [http-nio-8080-exec-1] DispatcherServlet - Initializing Servlet 'dispatcherServlet'
2024-12-11T15:22:56,284 INFO  [http-nio-8080-exec-1] DispatcherServlet - Completed initialization in 1 ms
2024-12-11T15:22:56,354 WARN  [http-nio-8080-exec-1] DefaultHandlerExceptionResolver - Resolved [org.springframework.http.converter.HttpMessageNotReadableException: JSON parse error: Cannot deserialize value of type `com.pluralsight.sakila.model.Film` from Array value (token `JsonToken.START_ARRAY`)]
2024-12-11T15:24:20,993 WARN  [http-nio-8080-exec-4] DefaultHandlerExceptionResolver - Resolved [org.springframework.http.converter.HttpMessageNotReadableException: JSON parse error: Unexpected character ('"' (code 34)): was expecting comma to separate Object entries]
2024-12-11T15:24:58,238 ERROR [http-nio-8080-exec-6] FilmDaoJdbcImpl - Error inserting film: FilmID: 100002
Title: Kill Bill Vol 2
Description: Good uma movie
Release Year: 2008-01-01

------------

java.sql.SQLException: Data truncated for column 'release_year' at row 1
	at com.mysql.cj.jdbc.exceptions.SQLError.createSQLException(SQLError.java:130) ~[mysql-connector-j-8.0.33.jar:8.0.33]
	at com.mysql.cj.jdbc.exceptions.SQLExceptionsMapping.translateException(SQLExceptionsMapping.java:122) ~[mysql-connector-j-8.0.33.jar:8.0.33]
	at com.mysql.cj.jdbc.ClientPreparedStatement.executeInternal(ClientPreparedStatement.java:916) ~[mysql-connector-j-8.0.33.jar:8.0.33]
	at com.mysql.cj.jdbc.ClientPreparedStatement.executeUpdateInternal(ClientPreparedStatement.java:1061) ~[mysql-connector-j-8.0.33.jar:8.0.33]
	at com.mysql.cj.jdbc.ClientPreparedStatement.executeUpdateInternal(ClientPreparedStatement.java:1009) ~[mysql-connector-j-8.0.33.jar:8.0.33]
	at com.mysql.cj.jdbc.ClientPreparedStatement.executeLargeUpdate(ClientPreparedStatement.java:1320) ~[mysql-connector-j-8.0.33.jar:8.0.33]
	at com.mysql.cj.jdbc.ClientPreparedStatement.executeUpdate(ClientPreparedStatement.java:994) ~[mysql-connector-j-8.0.33.jar:8.0.33]
	at org.apache.commons.dbcp2.DelegatingPreparedStatement.executeUpdate(DelegatingPreparedStatement.java:137) ~[commons-dbcp2-2.12.0.jar:2.12.0]
	at org.apache.commons.dbcp2.DelegatingPreparedStatement.executeUpdate(DelegatingPreparedStatement.java:137) ~[commons-dbcp2-2.12.0.jar:2.12.0]
	at com.pluralsight.sakila.dao.FilmDaoJdbcImpl.add(FilmDaoJdbcImpl.java:34) ~[classes/:?]
	at com.pluralsight.sakila.service.FilmService.addFilm(FilmService.java:21) ~[classes/:?]
	at com.pluralsight.sakila.controller.FilmController.addProduct(FilmController.java:33) ~[classes/:?]
	at java.base/jdk.internal.reflect.DirectMethodHandleAccessor.invoke(DirectMethodHandleAccessor.java:104) ~[?:?]
	at java.base/java.lang.reflect.Method.invoke(Method.java:578) ~[?:?]
	at org.springframework.web.method.support.InvocableHandlerMethod.doInvoke(InvocableHandlerMethod.java:255) ~[spring-web-6.2.0.jar:6.2.0]
	at org.springframework.web.method.support.InvocableHandlerMethod.invokeForRequest(InvocableHandlerMethod.java:188) ~[spring-web-6.2.0.jar:6.2.0]
	at org.springframework.web.servlet.mvc.method.annotation.ServletInvocableHandlerMethod.invokeAndHandle(ServletInvocableHandlerMethod.java:118) ~[spring-webmvc-6.2.0.jar:6.2.0]
	at org.springframework.web.servlet.mvc.method.annotation.RequestMappingHandlerAdapter.invokeHandlerMethod(RequestMappingHandlerAdapter.java:986) ~[spring-webmvc-6.2.0.jar:6.2.0]
	at org.springframework.web.servlet.mvc.method.annotation.RequestMappingHandlerAdapter.handleInternal(RequestMappingHandlerAdapter.java:891) ~[spring-webmvc-6.2.0.jar:6.2.0]
	at org.springframework.web.servlet.mvc.method.AbstractHandlerMethodAdapter.handle(AbstractHandlerMethodAdapter.java:87) ~[spring-webmvc-6.2.0.jar:6.2.0]
	at org.springframework.web.servlet.DispatcherServlet.doDispatch(DispatcherServlet.java:1088) ~[spring-webmvc-6.2.0.jar:6.2.0]
	at org.springframework.web.servlet.DispatcherServlet.doService(DispatcherServlet.java:978) ~[spring-webmvc-6.2.0.jar:6.2.0]
	at org.springframework.web.servlet.FrameworkServlet.processRequest(FrameworkServlet.java:1014) ~[spring-webmvc-6.2.0.jar:6.2.0]
	at org.springframework.web.servlet.FrameworkServlet.doPost(FrameworkServlet.java:914) ~[spring-webmvc-6.2.0.jar:6.2.0]
	at jakarta.servlet.http.HttpServlet.service(HttpServlet.java:590) ~[tomcat-embed-core-10.1.33.jar:6.0]
	at org.springframework.web.servlet.FrameworkServlet.service(FrameworkServlet.java:885) ~[spring-webmvc-6.2.0.jar:6.2.0]
	at jakarta.servlet.http.HttpServlet.service(HttpServlet.java:658) ~[tomcat-embed-core-10.1.33.jar:6.0]
	at org.apache.catalina.core.ApplicationFilterChain.internalDoFilter(ApplicationFilterChain.java:195) ~[tomcat-embed-core-10.1.33.jar:10.1.33]
	at org.apache.catalina.core.ApplicationFilterChain.doFilter(ApplicationFilterChain.java:140) ~[tomcat-embed-core-10.1.33.jar:10.1.33]
	at org.apache.tomcat.websocket.server.WsFilter.doFilter(WsFilter.java:51) ~[tomcat-embed-websocket-10.1.33.jar:10.1.33]
	at org.apache.catalina.core.ApplicationFilterChain.internalDoFilter(ApplicationFilterChain.java:164) ~[tomcat-embed-core-10.1.33.jar:10.1.33]
	at org.apache.catalina.core.ApplicationFilterChain.doFilter(ApplicationFilterChain.java:140) ~[tomcat-embed-core-10.1.33.jar:10.1.33]
	at org.springframework.web.filter.RequestContextFilter.doFilterInternal(RequestContextFilter.java:100) ~[spring-web-6.2.0.jar:6.2.0]
	at org.springframework.web.filter.OncePerRequestFilter.doFilter(OncePerRequestFilter.java:116) ~[spring-web-6.2.0.jar:6.2.0]
	at org.apache.catalina.core.ApplicationFilterChain.internalDoFilter(ApplicationFilterChain.java:164) ~[tomcat-embed-core-10.1.33.jar:10.1.33]
	at org.apache.catalina.core.ApplicationFilterChain.doFilter(ApplicationFilterChain.java:140) ~[tomcat-embed-core-10.1.33.jar:10.1.33]
	at org.springframework.web.filter.FormContentFilter.doFilterInternal(FormContentFilter.java:93) ~[spring-web-6.2.0.jar:6.2.0]
	at org.springframework.web.filter.OncePerRequestFilter.doFilter(OncePerRequestFilter.java:116) ~[spring-web-6.2.0.jar:6.2.0]
	at org.apache.catalina.core.ApplicationFilterChain.internalDoFilter(ApplicationFilterChain.java:164) ~[tomcat-embed-core-10.1.33.jar:10.1.33]
	at org.apache.catalina.core.ApplicationFilterChain.doFilter(ApplicationFilterChain.java:140) ~[tomcat-embed-core-10.1.33.jar:10.1.33]
	at org.springframework.web.filter.CharacterEncodingFilter.doFilterInternal(CharacterEncodingFilter.java:201) ~[spring-web-6.2.0.jar:6.2.0]
	at org.springframework.web.filter.OncePerRequestFilter.doFilter(OncePerRequestFilter.java:116) ~[spring-web-6.2.0.jar:6.2.0]
	at org.apache.catalina.core.ApplicationFilterChain.internalDoFilter(ApplicationFilterChain.java:164) ~[tomcat-embed-core-10.1.33.jar:10.1.33]
	at org.apache.catalina.core.ApplicationFilterChain.doFilter(ApplicationFilterChain.java:140) ~[tomcat-embed-core-10.1.33.jar:10.1.33]
	at org.apache.catalina.core.StandardWrapperValve.invoke(StandardWrapperValve.java:167) ~[tomcat-embed-core-10.1.33.jar:10.1.33]
	at org.apache.catalina.core.StandardContextValve.invoke(StandardContextValve.java:90) ~[tomcat-embed-core-10.1.33.jar:10.1.33]
	at org.apache.catalina.authenticator.AuthenticatorBase.invoke(AuthenticatorBase.java:483) ~[tomcat-embed-core-10.1.33.jar:10.1.33]
	at org.apache.catalina.core.StandardHostValve.invoke(StandardHostValve.java:115) ~[tomcat-embed-core-10.1.33.jar:10.1.33]
	at org.apache.catalina.valves.ErrorReportValve.invoke(ErrorReportValve.java:93) ~[tomcat-embed-core-10.1.33.jar:10.1.33]
	at org.apache.catalina.core.StandardEngineValve.invoke(StandardEngineValve.java:74) ~[tomcat-embed-core-10.1.33.jar:10.1.33]
	at org.apache.catalina.connector.CoyoteAdapter.service(CoyoteAdapter.java:344) ~[tomcat-embed-core-10.1.33.jar:10.1.33]
	at org.apache.coyote.http11.Http11Processor.service(Http11Processor.java:397) ~[tomcat-embed-core-10.1.33.jar:10.1.33]
	at org.apache.coyote.AbstractProcessorLight.process(AbstractProcessorLight.java:63) ~[tomcat-embed-core-10.1.33.jar:10.1.33]
	at org.apache.coyote.AbstractProtocol$ConnectionHandler.process(AbstractProtocol.java:905) ~[tomcat-embed-core-10.1.33.jar:10.1.33]
	at org.apache.tomcat.util.net.NioEndpoint$SocketProcessor.doRun(NioEndpoint.java:1741) ~[tomcat-embed-core-10.1.33.jar:10.1.33]
	at org.apache.tomcat.util.net.SocketProcessorBase.run(SocketProcessorBase.java:52) ~[tomcat-embed-core-10.1.33.jar:10.1.33]
	at org.apache.tomcat.util.threads.ThreadPoolExecutor.runWorker(ThreadPoolExecutor.java:1190) ~[tomcat-embed-core-10.1.33.jar:10.1.33]
	at org.apache.tomcat.util.threads.ThreadPoolExecutor$Worker.run(ThreadPoolExecutor.java:659) ~[tomcat-embed-core-10.1.33.jar:10.1.33]
	at org.apache.tomcat.util.threads.TaskThread$WrappingRunnable.run(TaskThread.java:63) ~[tomcat-embed-core-10.1.33.jar:10.1.33]
	at java.base/java.lang.Thread.run(Thread.java:1623) [?:?]
2024-12-11T15:31:26,917 INFO  [SpringApplicationShutdownHook] GracefulShutdown - Commencing graceful shutdown. Waiting for active requests to complete
2024-12-11T15:31:26,922 INFO  [tomcat-shutdown] GracefulShutdown - Graceful shutdown complete
2024-12-11T15:31:31,164 INFO  [main] SakilaApplication - Starting SakilaApplication using Java 20.0.2 with PID 77702 (/Users/christopher-carter/Documents/Courseware-Docs/My-Classes/Academy-Java-YearUp/2024-Q4-Fall/week-11/class/day-3/sakila-with-controller/target/classes started by christopher-carter in /Users/christopher-carter/Documents/Courseware-Docs/My-Classes/Academy-Java-YearUp/2024-Q4-Fall/week-11/class/day-3/sakila-with-controller)
2024-12-11T15:31:31,175 INFO  [main] SakilaApplication - No active profile set, falling back to 1 default profile: "default"
2024-12-11T15:31:31,689 INFO  [main] TomcatWebServer - Tomcat initialized with port 8080 (http)
2024-12-11T15:31:31,698 INFO  [main] Http11NioProtocol - Initializing ProtocolHandler ["http-nio-8080"]
2024-12-11T15:31:31,700 INFO  [main] StandardService - Starting service [Tomcat]
2024-12-11T15:31:31,700 INFO  [main] StandardEngine - Starting Servlet engine: [Apache Tomcat/10.1.33]
2024-12-11T15:31:31,721 INFO  [main] [/] - Initializing Spring embedded WebApplicationContext
2024-12-11T15:31:31,721 INFO  [main] ServletWebServerApplicationContext - Root WebApplicationContext: initialization completed in 517 ms
2024-12-11T15:31:31,953 INFO  [main] Http11NioProtocol - Starting ProtocolHandler ["http-nio-8080"]
2024-12-11T15:31:31,960 INFO  [main] TomcatWebServer - Tomcat started on port 8080 (http) with context path '/'
2024-12-11T15:31:31,965 INFO  [main] SakilaApplication - Started SakilaApplication in 1.044 seconds (process running for 1.712)
2024-12-11T15:31:38,621 INFO  [http-nio-8080-exec-1] [/] - Initializing Spring DispatcherServlet 'dispatcherServlet'
2024-12-11T15:31:38,622 INFO  [http-nio-8080-exec-1] DispatcherServlet - Initializing Servlet 'dispatcherServlet'
2024-12-11T15:31:38,623 INFO  [http-nio-8080-exec-1] DispatcherServlet - Completed initialization in 1 ms
2024-12-11T15:31:39,000 ERROR [http-nio-8080-exec-1] FilmDaoJdbcImpl - Error inserting film: FilmID: 100002
Title: Kill Bill Vol 2
Description: Good uma movie
Release Year: 2008-01-01

------------

java.sql.SQLException: Data truncated for column 'release_year' at row 1
	at com.mysql.cj.jdbc.exceptions.SQLError.createSQLException(SQLError.java:130) ~[mysql-connector-j-8.0.33.jar:8.0.33]
	at com.mysql.cj.jdbc.exceptions.SQLExceptionsMapping.translateException(SQLExceptionsMapping.java:122) ~[mysql-connector-j-8.0.33.jar:8.0.33]
	at com.mysql.cj.jdbc.ClientPreparedStatement.executeInternal(ClientPreparedStatement.java:916) ~[mysql-connector-j-8.0.33.jar:8.0.33]
	at com.mysql.cj.jdbc.ClientPreparedStatement.executeUpdateInternal(ClientPreparedStatement.java:1061) ~[mysql-connector-j-8.0.33.jar:8.0.33]
	at com.mysql.cj.jdbc.ClientPreparedStatement.executeUpdateInternal(ClientPreparedStatement.java:1009) ~[mysql-connector-j-8.0.33.jar:8.0.33]
	at com.mysql.cj.jdbc.ClientPreparedStatement.executeLargeUpdate(ClientPreparedStatement.java:1320) ~[mysql-connector-j-8.0.33.jar:8.0.33]
	at com.mysql.cj.jdbc.ClientPreparedStatement.executeUpdate(ClientPreparedStatement.java:994) ~[mysql-connector-j-8.0.33.jar:8.0.33]
	at org.apache.commons.dbcp2.DelegatingPreparedStatement.executeUpdate(DelegatingPreparedStatement.java:137) ~[commons-dbcp2-2.12.0.jar:2.12.0]
	at org.apache.commons.dbcp2.DelegatingPreparedStatement.executeUpdate(DelegatingPreparedStatement.java:137) ~[commons-dbcp2-2.12.0.jar:2.12.0]
	at com.pluralsight.sakila.dao.FilmDaoJdbcImpl.add(FilmDaoJdbcImpl.java:34) ~[classes/:?]
	at com.pluralsight.sakila.service.FilmService.addFilm(FilmService.java:21) ~[classes/:?]
	at com.pluralsight.sakila.controller.FilmController.addProduct(FilmController.java:33) ~[classes/:?]
	at java.base/jdk.internal.reflect.DirectMethodHandleAccessor.invoke(DirectMethodHandleAccessor.java:104) ~[?:?]
	at java.base/java.lang.reflect.Method.invoke(Method.java:578) ~[?:?]
	at org.springframework.web.method.support.InvocableHandlerMethod.doInvoke(InvocableHandlerMethod.java:255) ~[spring-web-6.2.0.jar:6.2.0]
	at org.springframework.web.method.support.InvocableHandlerMethod.invokeForRequest(InvocableHandlerMethod.java:188) ~[spring-web-6.2.0.jar:6.2.0]
	at org.springframework.web.servlet.mvc.method.annotation.ServletInvocableHandlerMethod.invokeAndHandle(ServletInvocableHandlerMethod.java:118) ~[spring-webmvc-6.2.0.jar:6.2.0]
	at org.springframework.web.servlet.mvc.method.annotation.RequestMappingHandlerAdapter.invokeHandlerMethod(RequestMappingHandlerAdapter.java:986) ~[spring-webmvc-6.2.0.jar:6.2.0]
	at org.springframework.web.servlet.mvc.method.annotation.RequestMappingHandlerAdapter.handleInternal(RequestMappingHandlerAdapter.java:891) ~[spring-webmvc-6.2.0.jar:6.2.0]
	at org.springframework.web.servlet.mvc.method.AbstractHandlerMethodAdapter.handle(AbstractHandlerMethodAdapter.java:87) ~[spring-webmvc-6.2.0.jar:6.2.0]
	at org.springframework.web.servlet.DispatcherServlet.doDispatch(DispatcherServlet.java:1088) ~[spring-webmvc-6.2.0.jar:6.2.0]
	at org.springframework.web.servlet.DispatcherServlet.doService(DispatcherServlet.java:978) ~[spring-webmvc-6.2.0.jar:6.2.0]
	at org.springframework.web.servlet.FrameworkServlet.processRequest(FrameworkServlet.java:1014) ~[spring-webmvc-6.2.0.jar:6.2.0]
	at org.springframework.web.servlet.FrameworkServlet.doPost(FrameworkServlet.java:914) ~[spring-webmvc-6.2.0.jar:6.2.0]
	at jakarta.servlet.http.HttpServlet.service(HttpServlet.java:590) ~[tomcat-embed-core-10.1.33.jar:6.0]
	at org.springframework.web.servlet.FrameworkServlet.service(FrameworkServlet.java:885) ~[spring-webmvc-6.2.0.jar:6.2.0]
	at jakarta.servlet.http.HttpServlet.service(HttpServlet.java:658) ~[tomcat-embed-core-10.1.33.jar:6.0]
	at org.apache.catalina.core.ApplicationFilterChain.internalDoFilter(ApplicationFilterChain.java:195) ~[tomcat-embed-core-10.1.33.jar:10.1.33]
	at org.apache.catalina.core.ApplicationFilterChain.doFilter(ApplicationFilterChain.java:140) ~[tomcat-embed-core-10.1.33.jar:10.1.33]
	at org.apache.tomcat.websocket.server.WsFilter.doFilter(WsFilter.java:51) ~[tomcat-embed-websocket-10.1.33.jar:10.1.33]
	at org.apache.catalina.core.ApplicationFilterChain.internalDoFilter(ApplicationFilterChain.java:164) ~[tomcat-embed-core-10.1.33.jar:10.1.33]
	at org.apache.catalina.core.ApplicationFilterChain.doFilter(ApplicationFilterChain.java:140) ~[tomcat-embed-core-10.1.33.jar:10.1.33]
	at org.springframework.web.filter.RequestContextFilter.doFilterInternal(RequestContextFilter.java:100) ~[spring-web-6.2.0.jar:6.2.0]
	at org.springframework.web.filter.OncePerRequestFilter.doFilter(OncePerRequestFilter.java:116) ~[spring-web-6.2.0.jar:6.2.0]
	at org.apache.catalina.core.ApplicationFilterChain.internalDoFilter(ApplicationFilterChain.java:164) ~[tomcat-embed-core-10.1.33.jar:10.1.33]
	at org.apache.catalina.core.ApplicationFilterChain.doFilter(ApplicationFilterChain.java:140) ~[tomcat-embed-core-10.1.33.jar:10.1.33]
	at org.springframework.web.filter.FormContentFilter.doFilterInternal(FormContentFilter.java:93) ~[spring-web-6.2.0.jar:6.2.0]
	at org.springframework.web.filter.OncePerRequestFilter.doFilter(OncePerRequestFilter.java:116) ~[spring-web-6.2.0.jar:6.2.0]
	at org.apache.catalina.core.ApplicationFilterChain.internalDoFilter(ApplicationFilterChain.java:164) ~[tomcat-embed-core-10.1.33.jar:10.1.33]
	at org.apache.catalina.core.ApplicationFilterChain.doFilter(ApplicationFilterChain.java:140) ~[tomcat-embed-core-10.1.33.jar:10.1.33]
	at org.springframework.web.filter.CharacterEncodingFilter.doFilterInternal(CharacterEncodingFilter.java:201) ~[spring-web-6.2.0.jar:6.2.0]
	at org.springframework.web.filter.OncePerRequestFilter.doFilter(OncePerRequestFilter.java:116) ~[spring-web-6.2.0.jar:6.2.0]
	at org.apache.catalina.core.ApplicationFilterChain.internalDoFilter(ApplicationFilterChain.java:164) ~[tomcat-embed-core-10.1.33.jar:10.1.33]
	at org.apache.catalina.core.ApplicationFilterChain.doFilter(ApplicationFilterChain.java:140) ~[tomcat-embed-core-10.1.33.jar:10.1.33]
	at org.apache.catalina.core.StandardWrapperValve.invoke(StandardWrapperValve.java:167) ~[tomcat-embed-core-10.1.33.jar:10.1.33]
	at org.apache.catalina.core.StandardContextValve.invoke(StandardContextValve.java:90) ~[tomcat-embed-core-10.1.33.jar:10.1.33]
	at org.apache.catalina.authenticator.AuthenticatorBase.invoke(AuthenticatorBase.java:483) ~[tomcat-embed-core-10.1.33.jar:10.1.33]
	at org.apache.catalina.core.StandardHostValve.invoke(StandardHostValve.java:115) ~[tomcat-embed-core-10.1.33.jar:10.1.33]
	at org.apache.catalina.valves.ErrorReportValve.invoke(ErrorReportValve.java:93) ~[tomcat-embed-core-10.1.33.jar:10.1.33]
	at org.apache.catalina.core.StandardEngineValve.invoke(StandardEngineValve.java:74) ~[tomcat-embed-core-10.1.33.jar:10.1.33]
	at org.apache.catalina.connector.CoyoteAdapter.service(CoyoteAdapter.java:344) ~[tomcat-embed-core-10.1.33.jar:10.1.33]
	at org.apache.coyote.http11.Http11Processor.service(Http11Processor.java:397) ~[tomcat-embed-core-10.1.33.jar:10.1.33]
	at org.apache.coyote.AbstractProcessorLight.process(AbstractProcessorLight.java:63) ~[tomcat-embed-core-10.1.33.jar:10.1.33]
	at org.apache.coyote.AbstractProtocol$ConnectionHandler.process(AbstractProtocol.java:905) ~[tomcat-embed-core-10.1.33.jar:10.1.33]
	at org.apache.tomcat.util.net.NioEndpoint$SocketProcessor.doRun(NioEndpoint.java:1741) ~[tomcat-embed-core-10.1.33.jar:10.1.33]
	at org.apache.tomcat.util.net.SocketProcessorBase.run(SocketProcessorBase.java:52) ~[tomcat-embed-core-10.1.33.jar:10.1.33]
	at org.apache.tomcat.util.threads.ThreadPoolExecutor.runWorker(ThreadPoolExecutor.java:1190) ~[tomcat-embed-core-10.1.33.jar:10.1.33]
	at org.apache.tomcat.util.threads.ThreadPoolExecutor$Worker.run(ThreadPoolExecutor.java:659) ~[tomcat-embed-core-10.1.33.jar:10.1.33]
	at org.apache.tomcat.util.threads.TaskThread$WrappingRunnable.run(TaskThread.java:63) ~[tomcat-embed-core-10.1.33.jar:10.1.33]
	at java.base/java.lang.Thread.run(Thread.java:1623) [?:?]
2024-12-11T15:38:13,441 INFO  [SpringApplicationShutdownHook] GracefulShutdown - Commencing graceful shutdown. Waiting for active requests to complete
2024-12-11T15:38:13,446 INFO  [tomcat-shutdown] GracefulShutdown - Graceful shutdown complete
